TN:
SF:/Users/safiyya/Documents/Source/maptio/src/app/shared/directives/anchor.directive.ts
FN:5,(anonymous_5)
FN:6,AnchorDirective
FN:11,(anonymous_7)
FNF:3
FNH:2
FNDA:1,(anonymous_5)
FNDA:11,AnchorDirective
FNDA:0,(anonymous_7)
DA:1,1
DA:5,1
DA:6,1
DA:7,11
DA:8,11
DA:11,1
DA:12,0
DA:13,0
DA:15,1
LF:9
LH:7
BRF:0
BRH:0
end_of_record
TN:
SF:/Users/safiyya/Documents/Source/maptio/src/app/shared/directives/autoselect.directive.ts
FN:7,(anonymous_5)
FN:9,AutoSelectDirective
FN:11,(anonymous_7)
FNF:3
FNH:3
FNDA:1,(anonymous_5)
FNDA:5,AutoSelectDirective
FNDA:1,(anonymous_7)
DA:1,1
DA:7,1
DA:9,5
DA:11,2
DA:12,1
DA:14,1
LF:6
LH:6
BRF:0
BRH:0
end_of_record
TN:
SF:/Users/safiyya/Documents/Source/maptio/src/app/shared/directives/focusif.directive.ts
FN:7,(anonymous_7)
FN:10,FocusIfDirective
FN:11,(anonymous_9)
FN:15,(anonymous_10)
FN:19,(anonymous_11)
FN:28,(anonymous_12)
FNF:6
FNH:6
FNDA:1,(anonymous_7)
FNDA:27,FocusIfDirective
FNDA:29,(anonymous_9)
FNDA:27,(anonymous_10)
FNDA:56,(anonymous_11)
FNDA:56,(anonymous_12)
DA:1,1
DA:7,1
DA:8,1
DA:10,27
DA:11,1
DA:13,29
DA:15,1
DA:16,27
DA:19,1
DA:20,56
DA:21,1
DA:23,55
DA:28,1
DA:29,56
DA:32,1
LF:15
LH:15
BRDA:20,1,0,1
BRDA:20,1,1,55
BRDA:29,2,0,56
BRDA:29,2,1,55
BRF:4
BRH:4
end_of_record
TN:
SF:/Users/safiyya/Documents/Source/maptio/src/app/shared/interfaces/serializable.interface.ts
FNF:0
FNH:0
LF:0
LH:0
BRF:0
BRH:0
end_of_record
TN:
SF:/Users/safiyya/Documents/Source/maptio/src/app/shared/interfaces/traversable.interface.ts
FNF:0
FNH:0
LF:0
LH:0
BRF:0
BRH:0
end_of_record
TN:
SF:/Users/safiyya/Documents/Source/maptio/src/app/shared/model/dataset.data.ts
FN:2,(anonymous_3)
FN:14,DataSet
FN:18,(anonymous_5)
FN:22,(anonymous_6)
FNF:4
FNH:4
FNDA:1,(anonymous_3)
FNDA:54,DataSet
FNDA:2,(anonymous_5)
FNDA:2,(anonymous_6)
DA:2,1
DA:14,1
DA:15,54
DA:18,1
DA:19,2
DA:22,1
DA:23,2
DA:24,2
DA:25,2
DA:26,2
DA:27,2
DA:28,2
DA:29,2
DA:33,1
DA:34,1
LF:15
LH:15
BRF:0
BRH:0
end_of_record
TN:
SF:/Users/safiyya/Documents/Source/maptio/src/app/shared/model/initiative.data.ts
FN:8,(anonymous_5)
FN:66,Initiative
FN:68,(anonymous_7)
FN:81,(anonymous_8)
FN:91,(anonymous_9)
FN:104,(anonymous_10)
FN:108,(anonymous_11)
FN:110,(anonymous_12)
FN:117,(anonymous_13)
FN:133,(anonymous_14)
FNF:10
FNH:9
FNDA:1,(anonymous_5)
FNDA:133,Initiative
FNDA:45,(anonymous_7)
FNDA:31,(anonymous_8)
FNDA:0,(anonymous_9)
FNDA:1,(anonymous_10)
FNDA:37,(anonymous_11)
FNDA:26,(anonymous_12)
FNDA:12,(anonymous_13)
FNDA:11,(anonymous_14)
DA:1,1
DA:4,1
DA:5,1
DA:8,1
DA:22,133
DA:58,133
DA:61,133
DA:64,133
DA:66,1
DA:68,1
DA:69,45
DA:70,45
DA:71,45
DA:72,45
DA:73,45
DA:75,45
DA:76,41
DA:79,45
DA:80,45
DA:81,14
DA:82,31
DA:86,31
DA:89,45
DA:90,45
DA:91,0
DA:92,0
DA:95,45
DA:98,45
DA:99,45
DA:100,45
DA:104,1
DA:105,1
DA:108,1
DA:109,37
DA:110,12
DA:111,26
DA:112,26
DA:117,1
DA:118,12
DA:119,4
DA:122,8
DA:127,4
DA:129,4
DA:133,1
DA:134,11
DA:139,1
LF:46
LH:44
BRDA:75,1,0,41
BRDA:75,1,1,4
BRDA:80,2,0,14
BRDA:80,2,1,31
BRDA:90,3,0,0
BRDA:90,3,1,45
BRDA:109,4,0,12
BRDA:109,4,1,25
BRDA:118,5,0,4
BRDA:118,5,1,8
BRDA:122,6,0,4
BRDA:122,6,1,4
BRDA:123,7,0,8
BRDA:123,7,1,6
BRDA:123,7,2,6
BRDA:123,7,3,3
BRF:16
BRH:15
end_of_record
TN:
SF:/Users/safiyya/Documents/Source/maptio/src/app/shared/model/team.data.ts
FN:5,(anonymous_3)
FN:22,Team
FN:26,(anonymous_5)
FN:30,(anonymous_6)
FN:37,(anonymous_7)
FN:45,(anonymous_8)
FNF:6
FNH:2
FNDA:1,(anonymous_3)
FNDA:30,Team
FNDA:0,(anonymous_5)
FNDA:0,(anonymous_6)
FNDA:0,(anonymous_7)
FNDA:0,(anonymous_8)
DA:1,1
DA:5,1
DA:22,1
DA:23,30
DA:26,1
DA:27,0
DA:30,1
DA:31,0
DA:32,0
DA:33,0
DA:35,0
DA:36,0
DA:37,0
DA:38,0
DA:42,0
DA:45,1
DA:46,0
DA:47,0
DA:48,0
DA:49,0
DA:52,0
DA:56,0
DA:59,1
LF:23
LH:8
BRDA:35,1,0,0
BRDA:35,1,1,0
BRDA:48,2,0,0
BRDA:48,2,1,0
BRF:4
BRH:0
end_of_record
TN:
SF:/Users/safiyya/Documents/Source/maptio/src/app/shared/model/user.data.ts
FN:3,(anonymous_3)
FN:36,User
FN:41,(anonymous_5)
FN:45,(anonymous_6)
FN:56,(anonymous_7)
FN:62,(anonymous_8)
FN:69,(anonymous_9)
FNF:7
FNH:4
FNDA:1,(anonymous_3)
FNDA:137,User
FNDA:0,(anonymous_5)
FNDA:45,(anonymous_6)
FNDA:0,(anonymous_7)
FNDA:0,(anonymous_8)
FNDA:3,(anonymous_9)
DA:3,1
DA:36,1
DA:37,137
DA:41,1
DA:42,0
DA:45,1
DA:46,45
DA:47,32
DA:49,13
DA:50,13
DA:51,13
DA:52,13
DA:53,13
DA:54,13
DA:55,0
DA:56,0
DA:57,0
DA:60,13
DA:61,0
DA:62,0
DA:63,0
DA:66,13
DA:69,1
DA:70,3
DA:71,3
DA:72,2
DA:73,1
DA:76,1
DA:80,1
DA:83,1
LF:30
LH:23
BRDA:46,1,0,32
BRDA:46,1,1,13
BRDA:54,2,0,0
BRDA:54,2,1,13
BRDA:60,3,0,0
BRDA:60,3,1,13
BRDA:72,4,0,1
BRDA:72,4,1,1
BRF:8
BRH:6
end_of_record
TN:
SF:/Users/safiyya/Documents/Source/maptio/src/app/shared/model/view.enum.ts
FNF:0
FNH:0
LF:0
LH:0
BRF:0
BRH:0
end_of_record
TN:
SF:/Users/safiyya/Documents/Source/maptio/src/app/shared/services/auth/access.guard.ts
FN:8,(anonymous_5)
FN:10,AccessGuard
FN:14,(anonymous_7)
FN:18,(anonymous_8)
FN:32,(anonymous_9)
FNF:5
FNH:4
FNDA:1,(anonymous_5)
FNDA:4,AccessGuard
FNDA:4,(anonymous_7)
FNDA:4,(anonymous_8)
FNDA:0,(anonymous_9)
DA:2,1
DA:4,1
DA:5,1
DA:8,1
DA:10,4
DA:14,5
DA:16,4
DA:17,4
DA:18,4
DA:19,4
DA:20,1
DA:22,3
DA:23,1
DA:26,2
DA:27,2
DA:32,1
DA:33,0
DA:36,1
LF:18
LH:17
BRDA:19,1,0,1
BRDA:19,1,1,3
BRDA:19,2,0,4
BRDA:19,2,1,2
BRDA:22,3,0,1
BRDA:22,3,1,2
BRDA:22,4,0,3
BRDA:22,4,1,2
BRF:8
BRH:8
end_of_record
TN:
SF:/Users/safiyya/Documents/Source/maptio/src/app/shared/services/auth/auth.config.ts
FN:6,(anonymous_5)
FN:10,AuthConfiguration
FN:11,(anonymous_7)
FNF:3
FNH:1
FNDA:1,(anonymous_5)
FNDA:0,AuthConfiguration
FNDA:0,(anonymous_7)
DA:1,1
DA:6,1
DA:10,1
DA:11,1
DA:12,0
DA:27,0
DA:28,0
DA:30,0
DA:32,1
LF:9
LH:5
BRDA:27,1,0,0
BRDA:27,1,1,0
BRF:2
BRH:0
end_of_record
TN:
SF:/Users/safiyya/Documents/Source/maptio/src/app/shared/services/auth/auth.guard.ts
FN:6,(anonymous_5)
FN:8,AuthGuard
FN:10,(anonymous_7)
FN:21,(anonymous_8)
FNF:4
FNH:3
FNDA:1,(anonymous_5)
FNDA:2,AuthGuard
FNDA:2,(anonymous_7)
FNDA:0,(anonymous_8)
DA:1,1
DA:2,1
DA:3,1
DA:6,1
DA:8,2
DA:10,1
DA:11,2
DA:12,2
DA:13,1
DA:16,1
DA:17,1
DA:18,1
DA:21,1
DA:22,0
DA:24,1
LF:15
LH:14
BRDA:12,1,0,1
BRDA:12,1,1,1
BRF:2
BRH:2
end_of_record
TN:
SF:/Users/safiyya/Documents/Source/maptio/src/app/shared/services/auth/auth.service.ts
FN:15,(anonymous_5)
FN:19,Auth
FN:22,(anonymous_7)
FN:29,(anonymous_8)
FN:34,(anonymous_9)
FN:37,(anonymous_10)
FN:49,(anonymous_11)
FN:53,(anonymous_12)
FN:57,(anonymous_13)
FN:60,(anonymous_14)
FN:61,(anonymous_15)
FN:69,(anonymous_16)
FN:82,(anonymous_17)
FN:86,(anonymous_18)
FN:91,(anonymous_19)
FN:95,(anonymous_20)
FN:99,(anonymous_21)
FNF:17
FNH:8
FNDA:1,(anonymous_5)
FNDA:4,Auth
FNDA:0,(anonymous_7)
FNDA:0,(anonymous_8)
FNDA:0,(anonymous_9)
FNDA:0,(anonymous_10)
FNDA:2,(anonymous_11)
FNDA:1,(anonymous_12)
FNDA:0,(anonymous_13)
FNDA:0,(anonymous_14)
FNDA:0,(anonymous_15)
FNDA:0,(anonymous_16)
FNDA:0,(anonymous_17)
FNDA:2,(anonymous_18)
FNDA:1,(anonymous_19)
FNDA:1,(anonymous_20)
FNDA:1,(anonymous_21)
DA:1,1
DA:2,1
DA:3,1
DA:4,1
DA:5,1
DA:6,1
DA:8,1
DA:9,1
DA:10,1
DA:11,1
DA:12,1
DA:15,1
DA:19,5
DA:21,4
DA:22,4
DA:23,0
DA:25,0
DA:26,0
DA:27,0
DA:29,0
DA:30,0
DA:31,0
DA:32,0
DA:34,0
DA:35,0
DA:36,0
DA:37,0
DA:40,0
DA:43,0
DA:49,2
DA:50,2
DA:52,2
DA:54,1
DA:55,1
DA:58,0
DA:59,0
DA:60,0
DA:61,0
DA:62,0
DA:63,0
DA:69,1
DA:70,0
DA:71,0
DA:72,0
DA:82,1
DA:83,0
DA:86,1
DA:87,2
DA:88,2
DA:91,1
DA:92,1
DA:95,1
DA:96,1
DA:98,1
DA:99,1
DA:100,1
DA:104,0
DA:106,1
DA:109,1
LF:59
LH:34
BRDA:26,1,0,0
BRDA:26,1,1,0
BRDA:30,2,0,0
BRDA:30,2,1,0
BRDA:35,3,0,0
BRDA:35,3,1,0
BRDA:98,4,0,1
BRDA:98,4,1,0
BRF:8
BRH:1
end_of_record
TN:
SF:/Users/safiyya/Documents/Source/maptio/src/app/shared/services/data.service.ts
FN:10,(anonymous_5)
FN:15,DataService
FN:20,(anonymous_7)
FN:24,(anonymous_8)
FN:28,(anonymous_9)
FN:31,(anonymous_10)
FNF:6
FNH:6
FNDA:1,(anonymous_5)
FNDA:32,DataService
FNDA:7,(anonymous_7)
FNDA:9,(anonymous_8)
FNDA:3,(anonymous_9)
FNDA:1,(anonymous_10)
DA:1,1
DA:2,1
DA:4,1
DA:5,1
DA:6,1
DA:7,1
DA:10,1
DA:15,32
DA:16,32
DA:17,32
DA:20,1
DA:21,7
DA:24,1
DA:25,9
DA:28,1
DA:29,3
DA:31,1
DA:34,1
LF:18
LH:18
BRF:0
BRH:0
end_of_record
TN:
SF:/Users/safiyya/Documents/Source/maptio/src/app/shared/services/dataset.factory.ts
FN:12,(anonymous_5)
FN:17,DatasetFactory
FN:23,(anonymous_7)
FN:25,(anonymous_8)
FN:29,(anonymous_9)
FN:38,(anonymous_10)
FN:40,(anonymous_11)
FN:44,(anonymous_12)
FN:52,(anonymous_13)
FN:55,(anonymous_14)
FN:59,(anonymous_15)
FN:69,(anonymous_16)
FN:71,(anonymous_17)
FN:75,(anonymous_18)
FN:98,(anonymous_19)
FN:106,(anonymous_20)
FN:108,(anonymous_21)
FN:111,(anonymous_22)
FN:113,(anonymous_23)
FN:119,(anonymous_24)
FN:123,(anonymous_25)
FN:125,(anonymous_26)
FN:131,(anonymous_27)
FNF:23
FNH:23
FNDA:1,(anonymous_5)
FNDA:41,DatasetFactory
FNDA:3,(anonymous_7)
FNDA:2,(anonymous_8)
FNDA:2,(anonymous_9)
FNDA:3,(anonymous_10)
FNDA:1,(anonymous_11)
FNDA:1,(anonymous_12)
FNDA:2,(anonymous_13)
FNDA:1,(anonymous_14)
FNDA:1,(anonymous_15)
FNDA:3,(anonymous_16)
FNDA:1,(anonymous_17)
FNDA:1,(anonymous_18)
FNDA:41,(anonymous_19)
FNDA:2,(anonymous_20)
FNDA:2,(anonymous_21)
FNDA:2,(anonymous_22)
FNDA:3,(anonymous_23)
FNDA:2,(anonymous_24)
FNDA:38,(anonymous_25)
FNDA:2,(anonymous_26)
FNDA:1,(anonymous_27)
DA:2,1
DA:3,1
DA:4,1
DA:5,1
DA:6,1
DA:7,1
DA:8,1
DA:9,1
DA:12,1
DA:17,41
DA:18,41
DA:19,41
DA:23,1
DA:24,3
DA:26,2
DA:29,2
DA:38,1
DA:39,3
DA:41,1
DA:44,1
DA:52,1
DA:53,2
DA:54,1
DA:56,1
DA:59,1
DA:69,1
DA:70,3
DA:72,1
DA:75,1
DA:98,1
DA:99,41
DA:100,40
DA:106,1
DA:107,2
DA:109,2
DA:112,2
DA:113,2
DA:114,3
DA:116,2
DA:119,2
DA:123,1
DA:124,38
DA:126,2
DA:127,1
DA:128,1
DA:131,1
DA:134,1
LF:47
LH:47
BRDA:24,1,0,3
BRDA:24,1,1,1
BRDA:53,2,0,1
BRDA:53,2,1,1
BRDA:99,3,0,1
BRDA:99,3,1,40
BRDA:101,4,0,2
BRDA:101,4,1,38
BRDA:113,5,0,2
BRDA:113,5,1,1
BRDA:116,6,0,2
BRDA:116,6,1,0
BRF:12
BRH:11
end_of_record
TN:
SF:/Users/safiyya/Documents/Source/maptio/src/app/shared/services/emitter.service.ts
FN:4,(anonymous_4)
FN:4,EmitterService
FN:7,(anonymous_6)
FNF:3
FNH:2
FNDA:1,(anonymous_4)
FNDA:0,EmitterService
FNDA:226,(anonymous_6)
DA:1,1
DA:4,2
DA:5,1
DA:7,1
DA:8,226
DA:9,3
DA:10,226
DA:12,1
LF:8
LH:8
BRDA:8,1,0,3
BRDA:8,1,1,223
BRF:2
BRH:2
end_of_record
TN:
SF:/Users/safiyya/Documents/Source/maptio/src/app/shared/services/error/error.service.ts
FN:4,(anonymous_3)
FN:6,(anonymous_5)
FNF:2
FNH:1
FNDA:102,(anonymous_3)
FNDA:0,(anonymous_5)
DA:1,1
DA:4,2
DA:6,1
DA:8,0
DA:9,0
DA:10,0
DA:11,0
DA:12,0
DA:14,0
DA:16,0
DA:17,0
DA:19,1
LF:12
LH:4
BRDA:9,1,0,0
BRDA:9,1,1,0
BRDA:10,2,0,0
BRDA:10,2,1,0
BRDA:11,3,0,0
BRDA:11,3,1,0
BRDA:12,4,0,0
BRDA:12,4,1,0
BRDA:14,5,0,0
BRDA:14,5,1,0
BRF:10
BRH:0
end_of_record
TN:
SF:/Users/safiyya/Documents/Source/maptio/src/app/shared/services/team.factory.ts
FN:9,(anonymous_5)
FN:12,TeamFactory
FN:42,(anonymous_7)
FN:44,(anonymous_8)
FN:48,(anonymous_9)
FNF:5
FNH:5
FNDA:1,(anonymous_5)
FNDA:63,TeamFactory
FNDA:25,(anonymous_7)
FNDA:1,(anonymous_8)
FNDA:1,(anonymous_9)
DA:1,1
DA:2,1
DA:3,1
DA:4,1
DA:5,1
DA:6,1
DA:9,1
DA:12,63
DA:13,63
DA:42,1
DA:43,25
DA:45,1
DA:48,1
DA:83,1
LF:14
LH:14
BRF:0
BRH:0
end_of_record
TN:
SF:/Users/safiyya/Documents/Source/maptio/src/app/shared/services/ui/color.service.ts
FN:6,(anonymous_5)
FN:14,ColorService
FN:20,(anonymous_7)
FN:23,(anonymous_8)
FN:30,(anonymous_9)
FNF:5
FNH:3
FNDA:1,(anonymous_5)
FNDA:14,ColorService
FNDA:0,(anonymous_7)
FNDA:0,(anonymous_8)
FNDA:10,(anonymous_9)
DA:1,1
DA:2,1
DA:6,1
DA:14,1
DA:15,14
DA:16,14
DA:17,14
DA:20,1
DA:23,1
DA:24,0
DA:30,1
DA:31,10
DA:37,1
LF:13
LH:12
BRF:0
BRH:0
end_of_record
TN:
SF:/Users/safiyya/Documents/Source/maptio/src/app/shared/services/ui/ui.service.ts
FN:10,(anonymous_5)
FN:16,UIService
FN:22,(anonymous_7)
FN:31,(anonymous_8)
FN:35,(anonymous_9)
FN:38,(anonymous_10)
FN:64,(anonymous_11)
FN:67,(anonymous_12)
FN:68,(anonymous_13)
FN:103,(anonymous_14)
FN:107,(anonymous_15)
FNF:11
FNH:7
FNDA:1,(anonymous_5)
FNDA:25,UIService
FNDA:16,(anonymous_7)
FNDA:13,(anonymous_8)
FNDA:25,(anonymous_9)
FNDA:25,(anonymous_10)
FNDA:0,(anonymous_11)
FNDA:0,(anonymous_12)
FNDA:0,(anonymous_13)
FNDA:10,(anonymous_14)
FNDA:0,(anonymous_15)
DA:2,1
DA:3,1
DA:5,1
DA:6,1
DA:7,1
DA:10,1
DA:16,1
DA:17,25
DA:18,25
DA:22,1
DA:23,16
DA:24,3
DA:26,13
DA:27,13
DA:28,13
DA:31,1
DA:32,13
DA:35,1
DA:36,25
DA:37,25
DA:39,25
DA:49,25
DA:50,30
DA:51,30
DA:52,30
DA:53,30
DA:54,30
DA:55,0
DA:56,0
DA:57,0
DA:58,0
DA:64,1
DA:65,0
DA:66,0
DA:67,0
DA:70,0
DA:71,0
DA:73,0
DA:76,0
DA:77,0
DA:78,0
DA:84,0
DA:88,0
DA:89,0
DA:90,0
DA:92,0
DA:94,0
DA:96,0
DA:103,1
DA:104,10
DA:107,1
DA:108,0
DA:112,1
LF:53
LH:32
BRDA:23,1,0,3
BRDA:23,1,1,13
BRDA:23,2,0,16
BRDA:23,2,1,15
BRDA:23,2,2,14
BRDA:40,3,0,25
BRDA:40,3,1,0
BRDA:54,4,0,0
BRDA:54,4,1,30
BRDA:84,5,0,0
BRDA:84,5,1,0
BRDA:89,6,0,0
BRDA:89,6,1,0
BRF:13
BRH:7
end_of_record
TN:
SF:/Users/safiyya/Documents/Source/maptio/src/app/shared/services/user.factory.ts
FN:9,(anonymous_5)
FN:12,UserFactory
FN:19,(anonymous_7)
FN:21,(anonymous_8)
FN:24,(anonymous_9)
FN:27,(anonymous_10)
FN:34,(anonymous_11)
FN:42,(anonymous_12)
FN:44,(anonymous_13)
FN:48,(anonymous_14)
FN:55,(anonymous_15)
FN:57,(anonymous_16)
FN:60,(anonymous_17)
FN:64,(anonymous_18)
FN:73,(anonymous_19)
FN:76,(anonymous_20)
FN:80,(anonymous_21)
FNF:17
FNH:17
FNDA:1,(anonymous_5)
FNDA:8,UserFactory
FNDA:1,(anonymous_7)
FNDA:1,(anonymous_8)
FNDA:1,(anonymous_9)
FNDA:4,(anonymous_10)
FNDA:1,(anonymous_11)
FNDA:2,(anonymous_12)
FNDA:1,(anonymous_13)
FNDA:1,(anonymous_14)
FNDA:1,(anonymous_15)
FNDA:1,(anonymous_16)
FNDA:1,(anonymous_17)
FNDA:1,(anonymous_18)
FNDA:1,(anonymous_19)
FNDA:1,(anonymous_20)
FNDA:1,(anonymous_21)
DA:1,1
DA:2,1
DA:3,1
DA:4,1
DA:5,1
DA:6,1
DA:9,1
DA:12,8
DA:13,8
DA:19,1
DA:20,1
DA:22,1
DA:25,1
DA:26,1
DA:27,1
DA:28,4
DA:31,1
DA:34,1
DA:42,1
DA:43,2
DA:45,1
DA:48,1
DA:55,1
DA:56,1
DA:58,1
DA:61,1
DA:64,1
DA:73,1
DA:75,1
DA:77,1
DA:80,1
DA:83,1
LF:32
LH:32
BRDA:26,1,0,1
BRDA:26,1,1,0
BRF:2
BRH:1
end_of_record
TN:
SF:/Users/safiyya/Documents/Source/maptio/src/app/components/account/account.component.ts
FN:18,(anonymous_5)
FN:27,AccountComponent
FN:31,(anonymous_7)
FN:36,(anonymous_8)
FN:38,(anonymous_9)
FN:42,(anonymous_10)
FN:43,(anonymous_11)
FN:49,(anonymous_12)
FN:53,(anonymous_13)
FN:58,(anonymous_14)
FN:59,(anonymous_15)
FNF:11
FNH:11
FNDA:1,(anonymous_5)
FNDA:5,AccountComponent
FNDA:7,(anonymous_7)
FNDA:9,(anonymous_8)
FNDA:8,(anonymous_9)
FNDA:16,(anonymous_10)
FNDA:2,(anonymous_11)
FNDA:1,(anonymous_12)
FNDA:1,(anonymous_13)
FNDA:2,(anonymous_14)
FNDA:2,(anonymous_15)
DA:1,1
DA:2,1
DA:3,1
DA:4,1
DA:5,1
DA:8,1
DA:10,1
DA:11,1
DA:18,1
DA:25,1
DA:27,5
DA:31,1
DA:33,7
DA:36,9
DA:37,9
DA:39,8
DA:41,8
DA:42,8
DA:43,16
DA:44,2
DA:47,8
DA:49,1
DA:53,1
DA:54,1
DA:55,1
DA:58,3
DA:59,2
DA:60,2
DA:61,1
DA:64,1
DA:66,2
DA:69,1
LF:32
LH:32
BRDA:60,1,0,1
BRDA:60,1,1,1
BRF:2
BRH:2
end_of_record
TN:
SF:/Users/safiyya/Documents/Source/maptio/src/app/components/app.component.ts
FN:17,(anonymous_5)
FN:22,AppComponent
FN:25,(anonymous_7)
FN:30,(anonymous_8)
FN:34,(anonymous_9)
FNF:5
FNH:4
FNDA:1,(anonymous_5)
FNDA:2,AppComponent
FNDA:1,(anonymous_7)
FNDA:0,(anonymous_8)
FNDA:1,(anonymous_9)
DA:1,1
DA:2,1
DA:3,1
DA:8,1
DA:10,1
DA:17,1
DA:20,1
DA:22,2
DA:25,1
DA:26,1
DA:27,1
DA:30,1
DA:34,1
DA:35,1
DA:37,1
LF:15
LH:15
BRF:0
BRH:0
end_of_record
TN:
SF:/Users/safiyya/Documents/Source/maptio/src/app/components/building/building.component.ts
FN:17,(anonymous_5)
FN:37,BuildingComponent
FN:41,(anonymous_7)
FN:43,(anonymous_8)
FN:53,(anonymous_9)
FN:58,(anonymous_10)
FN:63,(anonymous_11)
FN:67,(anonymous_12)
FN:72,(anonymous_13)
FN:76,(anonymous_14)
FN:86,(anonymous_15)
FN:89,(anonymous_16)
FN:98,(anonymous_17)
FN:113,(anonymous_18)
FN:114,(anonymous_19)
FN:115,(anonymous_20)
FN:119,(anonymous_21)
FNF:17
FNH:17
FNDA:1,(anonymous_5)
FNDA:21,BuildingComponent
FNDA:18,(anonymous_7)
FNDA:166,(anonymous_8)
FNDA:166,(anonymous_9)
FNDA:19,(anonymous_10)
FNDA:3,(anonymous_11)
FNDA:8,(anonymous_12)
FNDA:1,(anonymous_13)
FNDA:1,(anonymous_14)
FNDA:4,(anonymous_15)
FNDA:3,(anonymous_16)
FNDA:9,(anonymous_17)
FNDA:3,(anonymous_18)
FNDA:3,(anonymous_19)
FNDA:9,(anonymous_20)
FNDA:12,(anonymous_21)
DA:1,1
DA:2,1
DA:3,1
DA:4,1
DA:5,1
DA:6,1
DA:7,1
DA:8,1
DA:9,1
DA:17,1
DA:21,21
DA:26,21
DA:29,1
DA:32,1
DA:35,1
DA:37,22
DA:38,21
DA:40,21
DA:41,18
DA:44,166
DA:45,18
DA:48,148
DA:50,166
DA:58,1
DA:60,19
DA:63,1
DA:64,3
DA:67,1
DA:68,8
DA:72,1
DA:73,1
DA:76,1
DA:77,1
DA:78,1
DA:86,5
DA:89,4
DA:91,3
DA:92,3
DA:94,3
DA:96,3
DA:97,3
DA:98,3
DA:99,9
DA:100,9
DA:101,0
DA:105,3
DA:106,3
DA:107,0
DA:113,1
DA:114,3
DA:115,9
DA:118,3
DA:120,12
DA:121,12
DA:122,12
DA:125,3
DA:129,1
LF:57
LH:55
BRDA:44,1,0,18
BRDA:44,1,1,148
BRDA:64,2,0,3
BRDA:64,2,1,2
BRDA:100,3,0,0
BRDA:100,3,1,9
BRDA:106,4,0,0
BRDA:106,4,1,3
BRF:8
BRH:6
end_of_record
TN:
SF:/Users/safiyya/Documents/Source/maptio/src/app/components/building/initiative.node.component.ts
FN:12,(anonymous_5)
FN:24,InitiativeNodeComponent
FN:27,(anonymous_7)
FN:31,(anonymous_8)
FN:35,(anonymous_9)
FN:39,(anonymous_10)
FN:43,(anonymous_11)
FN:48,(anonymous_12)
FN:53,(anonymous_13)
FN:61,(anonymous_14)
FN:69,(anonymous_15)
FN:74,(anonymous_16)
FN:83,(anonymous_17)
FN:84,(anonymous_18)
FN:86,(anonymous_19)
FNF:15
FNH:13
FNDA:1,(anonymous_5)
FNDA:22,InitiativeNodeComponent
FNDA:240,(anonymous_7)
FNDA:118,(anonymous_8)
FNDA:122,(anonymous_9)
FNDA:1,(anonymous_10)
FNDA:1,(anonymous_11)
FNDA:3,(anonymous_12)
FNDA:3,(anonymous_13)
FNDA:1,(anonymous_14)
FNDA:0,(anonymous_15)
FNDA:2,(anonymous_16)
FNDA:1,(anonymous_17)
FNDA:3,(anonymous_18)
FNDA:0,(anonymous_19)
DA:1,1
DA:2,1
DA:3,1
DA:4,1
DA:5,1
DA:12,1
DA:14,1
DA:16,23
DA:17,23
DA:22,1
DA:24,22
DA:27,1
DA:28,240
DA:31,1
DA:32,118
DA:35,1
DA:36,122
DA:39,1
DA:40,1
DA:43,1
DA:44,1
DA:45,1
DA:48,1
DA:49,3
DA:50,3
DA:51,3
DA:52,3
DA:53,3
DA:54,3
DA:55,3
DA:56,3
DA:57,3
DA:61,1
DA:62,1
DA:63,1
DA:64,1
DA:65,1
DA:66,1
DA:69,1
DA:70,0
DA:74,1
DA:75,2
DA:76,1
DA:79,1
DA:83,1
DA:84,1
DA:85,3
DA:86,3
DA:88,1
DA:90,1
DA:91,1
DA:94,1
LF:52
LH:51
BRDA:54,1,0,3
BRDA:54,1,1,0
BRDA:75,2,0,1
BRDA:75,2,1,1
BRF:4
BRH:3
end_of_record
TN:
SF:/Users/safiyya/Documents/Source/maptio/src/app/components/footer/footer.component.ts
FN:7,(anonymous_5)
FN:8,FooterComponent
FN:10,(anonymous_7)
FNF:3
FNH:1
FNDA:1,(anonymous_5)
FNDA:0,FooterComponent
FNDA:0,(anonymous_7)
DA:1,1
DA:7,1
DA:8,1
DA:10,1
DA:11,1
LF:5
LH:5
BRF:0
BRH:0
end_of_record
TN:
SF:/Users/safiyya/Documents/Source/maptio/src/app/components/header/header.component.ts
FN:19,(anonymous_5)
FN:36,HeaderComponent
FN:37,(anonymous_7)
FN:40,(anonymous_8)
FN:43,(anonymous_9)
FN:48,(anonymous_10)
FN:50,(anonymous_11)
FN:55,(anonymous_12)
FN:56,(anonymous_13)
FN:64,(anonymous_14)
FN:65,(anonymous_15)
FN:72,(anonymous_16)
FN:75,(anonymous_17)
FN:79,(anonymous_18)
FN:84,(anonymous_19)
FN:86,(anonymous_20)
FN:87,(anonymous_21)
FN:95,(anonymous_22)
FNF:18
FNH:17
FNDA:1,(anonymous_5)
FNDA:17,HeaderComponent
FNDA:15,(anonymous_7)
FNDA:5,(anonymous_8)
FNDA:2295,(anonymous_9)
FNDA:14,(anonymous_10)
FNDA:13,(anonymous_11)
FNDA:26,(anonymous_12)
FNDA:4,(anonymous_13)
FNDA:26,(anonymous_14)
FNDA:4,(anonymous_15)
FNDA:1,(anonymous_16)
FNDA:1,(anonymous_17)
FNDA:2,(anonymous_18)
FNDA:3,(anonymous_19)
FNDA:2,(anonymous_20)
FNDA:1,(anonymous_21)
FNDA:0,(anonymous_22)
DA:1,1
DA:2,1
DA:3,1
DA:4,1
DA:5,1
DA:6,1
DA:7,1
DA:8,1
DA:9,1
DA:10,1
DA:19,1
DA:20,1
DA:22,18
DA:23,18
DA:28,17
DA:30,17
DA:34,17
DA:36,18
DA:37,17
DA:38,15
DA:40,17
DA:41,5
DA:43,17
DA:44,2295
DA:48,15
DA:49,14
DA:52,13
DA:54,13
DA:55,13
DA:56,26
DA:57,4
DA:60,13
DA:63,13
DA:64,13
DA:65,26
DA:66,4
DA:69,13
DA:72,1
DA:75,1
DA:76,1
DA:79,1
DA:80,2
DA:81,2
DA:84,4
DA:85,3
DA:86,3
DA:87,2
DA:88,1
DA:91,3
DA:95,1
DA:96,0
DA:97,0
DA:100,1
LF:53
LH:51
BRDA:97,1,0,0
BRDA:97,1,1,0
BRF:2
BRH:0
end_of_record
TN:
SF:/Users/safiyya/Documents/Source/maptio/src/app/components/help/help.component.ts
FN:8,(anonymous_5)
FN:13,HelpComponent
FN:15,(anonymous_7)
FNF:3
FNH:3
FNDA:1,(anonymous_5)
FNDA:4,HelpComponent
FNDA:1,(anonymous_7)
DA:1,1
DA:2,1
DA:8,1
DA:11,1
DA:13,1
DA:15,1
DA:16,1
DA:18,1
LF:8
LH:8
BRF:0
BRH:0
end_of_record
TN:
SF:/Users/safiyya/Documents/Source/maptio/src/app/components/home/home.component.ts
FN:8,(anonymous_5)
FN:9,HomeComponent
FN:11,(anonymous_7)
FNF:3
FNH:3
FNDA:1,(anonymous_5)
FNDA:1,HomeComponent
FNDA:1,(anonymous_7)
DA:1,1
DA:2,1
DA:8,1
DA:9,1
DA:11,1
DA:12,1
LF:6
LH:6
BRF:0
BRH:0
end_of_record
TN:
SF:/Users/safiyya/Documents/Source/maptio/src/app/components/import/import.component.ts
FN:1,(anonymous_1)
FN:1,(anonymous_2)
FNF:2
FNH:2
FNDA:1,(anonymous_1)
FNDA:1,(anonymous_2)
LF:0
LH:0
BRF:0
BRH:0
end_of_record
TN:
SF:/Users/safiyya/Documents/Source/maptio/src/app/components/initiative/initiative.component.ts
FN:22,(anonymous_5)
FN:39,InitiativeComponent
FN:101,(anonymous_7)
FN:105,(anonymous_8)
FN:109,(anonymous_9)
FN:118,(anonymous_10)
FN:51,(anonymous_11)
FN:53,(anonymous_12)
FN:55,(anonymous_13)
FN:58,(anonymous_14)
FN:62,(anonymous_15)
FN:66,(anonymous_16)
FN:78,(anonymous_17)
FN:82,(anonymous_18)
FN:86,(anonymous_19)
FN:89,(anonymous_20)
FN:94,(anonymous_21)
FNF:17
FNH:14
FNDA:1,(anonymous_5)
FNDA:39,InitiativeComponent
FNDA:21,(anonymous_7)
FNDA:0,(anonymous_8)
FNDA:0,(anonymous_9)
FNDA:21,(anonymous_10)
FNDA:2,(anonymous_11)
FNDA:1,(anonymous_12)
FNDA:0,(anonymous_13)
FNDA:1,(anonymous_14)
FNDA:1,(anonymous_15)
FNDA:2,(anonymous_16)
FNDA:1,(anonymous_17)
FNDA:17,(anonymous_18)
FNDA:24,(anonymous_19)
FNDA:2,(anonymous_20)
FNDA:3,(anonymous_21)
DA:2,1
DA:3,1
DA:4,1
DA:5,1
DA:8,1
DA:9,1
DA:10,1
DA:22,1
DA:27,1
DA:29,1
DA:34,39
DA:35,39
DA:39,40
DA:51,3
DA:52,2
DA:53,2
DA:54,1
DA:58,1
DA:59,1
DA:62,1
DA:63,1
DA:66,1
DA:67,2
DA:68,2
DA:69,2
DA:70,2
DA:73,2
DA:74,1
DA:78,1
DA:79,1
DA:82,1
DA:83,17
DA:84,16
DA:85,15
DA:86,24
DA:89,1
DA:90,2
DA:91,1
DA:94,3
DA:95,1
DA:100,39
DA:102,21
DA:106,0
DA:107,0
DA:108,0
DA:109,0
DA:110,0
DA:111,0
DA:114,0
DA:118,39
DA:119,1
LF:51
LH:44
BRDA:109,1,0,0
BRDA:109,1,1,0
BRDA:110,2,0,0
BRDA:110,2,1,0
BRDA:110,3,0,0
BRDA:110,3,1,0
BRDA:73,4,0,1
BRDA:73,4,1,1
BRDA:83,5,0,1
BRDA:83,5,1,16
BRDA:84,6,0,1
BRDA:84,6,1,15
BRDA:85,7,0,1
BRDA:85,7,1,14
BRDA:90,8,0,1
BRDA:90,8,1,1
BRF:16
BRH:10
end_of_record
TN:
SF:/Users/safiyya/Documents/Source/maptio/src/app/components/login/login.component.ts
FN:8,(anonymous_5)
FN:9,LoginComponent
FN:11,(anonymous_7)
FNF:3
FNH:3
FNDA:1,(anonymous_5)
FNDA:1,LoginComponent
FNDA:2,(anonymous_7)
DA:1,1
DA:2,1
DA:8,1
DA:9,1
DA:11,1
DA:12,2
DA:14,1
LF:7
LH:7
BRF:0
BRH:0
end_of_record
TN:
SF:/Users/safiyya/Documents/Source/maptio/src/app/components/mapping/circles/mapping.circles.component.ts
FN:14,(anonymous_5)
FN:27,MappingCirclesComponent
FN:31,(anonymous_7)
FN:36,(anonymous_8)
FN:75,zoomed
FN:80,(anonymous_10)
FN:111,(anonymous_11)
FN:112,(anonymous_12)
FN:125,(anonymous_13)
FN:126,(anonymous_14)
FN:127,(anonymous_15)
FN:128,(anonymous_16)
FN:129,(anonymous_17)
FN:130,(anonymous_18)
FN:143,(anonymous_19)
FN:152,(anonymous_20)
FN:153,(anonymous_21)
FN:155,(anonymous_22)
FN:159,(anonymous_23)
FN:163,(anonymous_24)
FN:164,(anonymous_25)
FN:165,(anonymous_26)
FN:171,(anonymous_27)
FN:173,(anonymous_28)
FN:174,(anonymous_29)
FN:179,(anonymous_30)
FN:180,(anonymous_31)
FN:181,(anonymous_32)
FN:182,(anonymous_33)
FN:192,(anonymous_34)
FN:194,(anonymous_35)
FN:202,zoom
FN:208,(anonymous_37)
FN:210,(anonymous_38)
FN:216,(anonymous_39)
FN:218,(anonymous_40)
FN:219,(anonymous_41)
FN:220,(anonymous_42)
FN:229,zoomTo
FN:231,(anonymous_44)
FN:235,(anonymous_45)
FN:237,(anonymous_46)
FN:245,showTooltip
FNF:43
FNH:29
FNDA:1,(anonymous_5)
FNDA:7,MappingCirclesComponent
FNDA:6,(anonymous_7)
FNDA:6,(anonymous_8)
FNDA:0,zoomed
FNDA:0,(anonymous_10)
FNDA:15,(anonymous_11)
FNDA:5,(anonymous_12)
FNDA:15,(anonymous_13)
FNDA:15,(anonymous_14)
FNDA:15,(anonymous_15)
FNDA:15,(anonymous_16)
FNDA:15,(anonymous_17)
FNDA:0,(anonymous_18)
FNDA:15,(anonymous_19)
FNDA:15,(anonymous_20)
FNDA:5,(anonymous_21)
FNDA:0,(anonymous_22)
FNDA:5,(anonymous_23)
FNDA:5,(anonymous_24)
FNDA:5,(anonymous_25)
FNDA:5,(anonymous_26)
FNDA:15,(anonymous_27)
FNDA:10,(anonymous_28)
FNDA:0,(anonymous_29)
FNDA:10,(anonymous_30)
FNDA:10,(anonymous_31)
FNDA:10,(anonymous_32)
FNDA:10,(anonymous_33)
FNDA:0,(anonymous_34)
FNDA:15,(anonymous_35)
FNDA:0,zoom
FNDA:0,(anonymous_37)
FNDA:0,(anonymous_38)
FNDA:0,(anonymous_39)
FNDA:0,(anonymous_40)
FNDA:0,(anonymous_41)
FNDA:0,(anonymous_42)
FNDA:5,zoomTo
FNDA:45,(anonymous_44)
FNDA:15,(anonymous_45)
FNDA:15,(anonymous_46)
FNDA:0,showTooltip
DA:1,1
DA:2,1
DA:3,1
DA:4,1
DA:14,1
DA:27,7
DA:28,7
DA:31,1
DA:36,1
DA:38,6
DA:39,6
DA:40,6
DA:41,6
DA:44,6
DA:46,6
DA:48,1
DA:49,1
DA:52,5
DA:54,5
DA:58,5
DA:62,5
DA:64,5
DA:66,5
DA:67,0
DA:75,1
DA:76,0
DA:79,5
DA:81,0
DA:82,0
DA:83,0
DA:84,0
DA:85,0
DA:88,0
DA:89,0
DA:90,0
DA:94,0
DA:95,0
DA:96,0
DA:102,5
DA:104,5
DA:108,5
DA:110,5
DA:111,15
DA:112,5
DA:115,5
DA:119,5
DA:125,15
DA:126,15
DA:127,15
DA:128,15
DA:129,15
DA:131,0
DA:132,0
DA:138,5
DA:139,5
DA:143,15
DA:146,5
DA:149,5
DA:152,15
DA:153,5
DA:156,0
DA:157,0
DA:159,5
DA:163,5
DA:164,5
DA:165,5
DA:168,5
DA:171,15
DA:173,10
DA:175,0
DA:176,0
DA:179,10
DA:180,10
DA:181,10
DA:183,10
DA:188,5
DA:190,5
DA:192,0
DA:194,15
DA:195,5
DA:196,5
DA:198,5
DA:199,5
DA:200,0
DA:202,1
DA:203,0
DA:205,0
DA:209,0
DA:210,0
DA:213,0
DA:215,0
DA:216,0
DA:218,0
DA:219,0
DA:222,0
DA:223,0
DA:224,0
DA:229,1
DA:230,5
DA:231,5
DA:232,45
DA:235,15
DA:237,5
DA:238,15
DA:239,15
DA:245,1
DA:246,0
DA:247,0
DA:253,1
LF:109
LH:74
BRDA:46,1,0,1
BRDA:46,1,1,5
BRDA:83,2,0,0
BRDA:83,2,1,0
BRDA:88,3,0,0
BRDA:88,3,1,0
BRDA:95,4,0,0
BRDA:95,4,1,0
BRDA:125,5,0,10
BRDA:125,5,1,5
BRDA:125,6,0,0
BRDA:125,6,1,10
BRDA:126,7,0,5
BRDA:126,7,1,10
BRDA:127,8,0,0
BRDA:127,8,1,15
BRDA:128,9,0,0
BRDA:128,9,1,15
BRDA:131,10,0,0
BRDA:131,10,1,0
BRDA:159,11,0,5
BRDA:159,11,1,0
BRDA:195,12,0,5
BRDA:195,12,1,0
BRDA:199,13,0,0
BRDA:199,13,1,5
BRDA:216,14,0,0
BRDA:216,14,1,0
BRDA:218,15,0,0
BRDA:218,15,1,0
BRDA:223,16,0,0
BRDA:223,16,1,0
BRF:32
BRH:12
end_of_record
TN:
SF:/Users/safiyya/Documents/Source/maptio/src/app/components/mapping/mapping.component.ts
FN:28,(anonymous_5)
FN:45,MappingComponent
FN:52,(anonymous_7)
FN:53,(anonymous_8)
FN:60,(anonymous_9)
FN:63,(anonymous_10)
FN:68,(anonymous_11)
FN:83,(anonymous_12)
FN:86,(anonymous_13)
FN:90,(anonymous_14)
FNF:10
FNH:9
FNDA:1,(anonymous_5)
FNDA:9,MappingComponent
FNDA:12,(anonymous_7)
FNDA:3,(anonymous_8)
FNDA:11,(anonymous_9)
FNDA:11,(anonymous_10)
FNDA:3,(anonymous_11)
FNDA:9,(anonymous_12)
FNDA:0,(anonymous_13)
FNDA:4,(anonymous_14)
DA:1,1
DA:9,1
DA:12,1
DA:13,1
DA:14,1
DA:16,1
DA:28,1
DA:32,9
DA:40,1
DA:43,1
DA:45,1
DA:46,9
DA:47,9
DA:48,9
DA:49,9
DA:52,13
DA:53,12
DA:54,3
DA:55,3
DA:60,1
DA:61,11
DA:63,1
DA:64,11
DA:68,1
DA:69,3
DA:71,1
DA:72,1
DA:74,1
DA:75,1
DA:77,1
DA:79,2
DA:83,1
DA:86,1
DA:87,0
DA:90,1
DA:91,4
DA:92,4
DA:97,4
DA:99,4
DA:100,4
DA:101,4
DA:102,4
DA:103,4
DA:105,1
LF:44
LH:43
BRDA:70,1,0,1
BRDA:70,1,1,1
BRDA:70,1,2,1
BRDA:94,2,0,3
BRDA:94,2,1,1
BRF:5
BRH:5
end_of_record
TN:
SF:/Users/safiyya/Documents/Source/maptio/src/app/components/mapping/mapping.interface.ts
FNF:0
FNH:0
LF:0
LH:0
BRF:0
BRH:0
end_of_record
TN:
SF:/Users/safiyya/Documents/Source/maptio/src/app/components/mapping/tooltip/tooltip.component.ts
FN:13,(anonymous_5)
FN:20,TooltipComponent
FN:24,(anonymous_7)
FN:26,(anonymous_8)
FN:30,(anonymous_9)
FN:33,(anonymous_10)
FN:38,(anonymous_11)
FNF:7
FNH:6
FNDA:1,(anonymous_5)
FNDA:10,TooltipComponent
FNDA:12,(anonymous_7)
FNDA:2,(anonymous_8)
FNDA:0,(anonymous_9)
FNDA:10,(anonymous_10)
FNDA:11,(anonymous_11)
DA:1,1
DA:2,1
DA:3,1
DA:13,1
DA:16,1
DA:20,10
DA:21,10
DA:24,12
DA:25,12
DA:27,2
DA:28,2
DA:30,0
DA:33,1
DA:38,1
DA:39,11
DA:41,1
LF:16
LH:15
BRF:0
BRH:0
end_of_record
TN:
SF:/Users/safiyya/Documents/Source/maptio/src/app/components/mapping/tree/mapping.tree.component.ts
FN:12,(anonymous_5)
FN:22,MappingTreeComponent
FN:27,(anonymous_7)
FN:30,(anonymous_8)
FN:60,(anonymous_9)
FN:70,collapse
FN:78,update
FN:88,(anonymous_12)
FN:94,(anonymous_13)
FN:99,(anonymous_14)
FN:108,(anonymous_15)
FN:112,(anonymous_16)
FN:129,(anonymous_17)
FN:130,(anonymous_18)
FN:142,(anonymous_19)
FN:150,(anonymous_20)
FN:157,(anonymous_21)
FN:160,(anonymous_22)
FN:170,(anonymous_23)
FN:187,(anonymous_24)
FN:192,(anonymous_25)
FN:203,(anonymous_26)
FN:208,(anonymous_27)
FN:215,(anonymous_28)
FN:221,diagonal
FN:232,click
FNF:26
FNH:22
FNDA:1,(anonymous_5)
FNDA:7,MappingTreeComponent
FNDA:6,(anonymous_7)
FNDA:6,(anonymous_8)
FNDA:15,(anonymous_9)
FNDA:0,collapse
FNDA:5,update
FNDA:15,(anonymous_12)
FNDA:15,(anonymous_13)
FNDA:15,(anonymous_14)
FNDA:15,(anonymous_15)
FNDA:15,(anonymous_16)
FNDA:15,(anonymous_17)
FNDA:15,(anonymous_18)
FNDA:15,(anonymous_19)
FNDA:15,(anonymous_20)
FNDA:15,(anonymous_21)
FNDA:15,(anonymous_22)
FNDA:0,(anonymous_23)
FNDA:10,(anonymous_24)
FNDA:10,(anonymous_25)
FNDA:10,(anonymous_26)
FNDA:0,(anonymous_27)
FNDA:15,(anonymous_28)
FNDA:20,diagonal
FNDA:0,click
DA:1,1
DA:2,1
DA:3,1
DA:4,1
DA:12,1
DA:22,7
DA:23,7
DA:27,1
DA:30,1
DA:31,6
DA:32,6
DA:33,6
DA:35,6
DA:37,1
DA:38,1
DA:41,5
DA:42,5
DA:45,5
DA:47,5
DA:52,5
DA:57,5
DA:60,15
DA:61,5
DA:62,5
DA:67,5
DA:70,1
DA:71,0
DA:72,0
DA:73,0
DA:74,0
DA:78,1
DA:81,5
DA:84,5
DA:88,15
DA:93,5
DA:94,15
DA:97,5
DA:100,15
DA:105,5
DA:110,15
DA:114,15
DA:118,5
DA:129,15
DA:132,15
DA:135,5
DA:142,15
DA:145,5
DA:148,5
DA:151,15
DA:155,5
DA:158,15
DA:162,15
DA:168,5
DA:171,0
DA:176,5
DA:180,5
DA:186,5
DA:187,10
DA:190,5
DA:193,10
DA:194,10
DA:198,5
DA:201,5
DA:203,10
DA:206,5
DA:209,0
DA:210,0
DA:215,5
DA:216,15
DA:217,15
DA:221,1
DA:223,20
DA:228,20
DA:232,1
DA:233,0
DA:234,0
DA:235,0
DA:237,0
DA:238,0
DA:240,0
DA:244,1
LF:81
LH:68
BRDA:35,1,0,1
BRDA:35,1,1,5
BRDA:71,2,0,0
BRDA:71,2,1,0
BRDA:94,3,0,15
BRDA:94,3,1,15
BRDA:110,4,0,5
BRDA:110,4,1,10
BRDA:114,5,0,5
BRDA:114,5,1,10
BRDA:142,6,0,10
BRDA:142,6,1,5
BRDA:158,7,0,5
BRDA:158,7,1,10
BRDA:162,8,0,5
BRDA:162,8,1,10
BRDA:233,9,0,0
BRDA:233,9,1,0
BRF:18
BRH:14
end_of_record
TN:
SF:/Users/safiyya/Documents/Source/maptio/src/app/components/team/team.component.ts
FN:12,(anonymous_5)
FN:17,TeamComponent
FN:18,(anonymous_7)
FN:20,(anonymous_8)
FN:24,(anonymous_9)
FN:27,(anonymous_10)
FNF:6
FNH:3
FNDA:1,(anonymous_5)
FNDA:1,TeamComponent
FNDA:1,(anonymous_7)
FNDA:0,(anonymous_8)
FNDA:0,(anonymous_9)
FNDA:0,(anonymous_10)
DA:2,1
DA:3,1
DA:4,1
DA:12,1
DA:17,2
DA:18,1
DA:19,1
DA:20,1
DA:21,0
DA:24,0
DA:27,1
DA:33,1
LF:12
LH:10
BRF:0
BRH:0
end_of_record
TN:
SF:/Users/safiyya/Documents/Source/maptio/src/app/components/unauthorized/unauthorized.component.ts
FN:7,(anonymous_5)
FN:8,UnauthorizedComponent
FN:10,(anonymous_7)
FNF:3
FNH:1
FNDA:1,(anonymous_5)
FNDA:0,UnauthorizedComponent
FNDA:0,(anonymous_7)
DA:1,1
DA:7,1
DA:8,1
DA:10,1
DA:11,1
LF:5
LH:5
BRF:0
BRH:0
end_of_record
TN:
SF:/Users/safiyya/Documents/Source/maptio/src/app/components/workspace/workspace.component.ts
FN:16,(anonymous_5)
FN:25,WorkspaceComponent
FN:26,(anonymous_7)
FN:31,(anonymous_8)
FN:35,(anonymous_9)
FN:36,(anonymous_10)
FN:43,(anonymous_11)
FNF:7
FNH:6
FNDA:1,(anonymous_5)
FNDA:3,WorkspaceComponent
FNDA:0,(anonymous_7)
FNDA:2,(anonymous_8)
FNDA:2,(anonymous_9)
FNDA:2,(anonymous_10)
FNDA:4,(anonymous_11)
DA:2,1
DA:3,1
DA:4,1
DA:5,1
DA:6,1
DA:7,1
DA:16,1
DA:19,1
DA:21,3
DA:25,4
DA:26,3
DA:27,0
DA:31,1
DA:32,2
DA:35,3
DA:36,2
DA:37,2
DA:38,2
DA:39,2
DA:43,1
DA:44,4
DA:47,1
LF:22
LH:21
BRF:0
BRH:0
end_of_record
