TN:
SF:/Users/safiyya/Documents/Source/circlemapping/base.spec.ts
FNF:0
FNH:0
DA:1,1
DA:2,1
DA:3,1
DA:4,1
DA:5,1
DA:6,1
DA:7,1
DA:8,1
DA:10,1
DA:11,1
DA:13,1
DA:14,1
LF:12
LH:12
BRF:0
BRH:0
end_of_record
TN:
SF:/Users/safiyya/Documents/Source/circlemapping/app/app.component.ts
FN:20,(anonymous_5)
FN:36,AppComponent
FN:39,(anonymous_7)
FN:44,(anonymous_8)
FN:46,(anonymous_9)
FN:50,(anonymous_10)
FN:63,(anonymous_11)
FN:67,(anonymous_12)
FN:74,(anonymous_13)
FNF:9
FNH:9
FNDA:1,(anonymous_5)
FNDA:17,AppComponent
FNDA:2,(anonymous_7)
FNDA:14,(anonymous_8)
FNDA:14,(anonymous_9)
FNDA:13,(anonymous_10)
FNDA:1,(anonymous_11)
FNDA:4,(anonymous_12)
FNDA:2,(anonymous_13)
DA:1,1
DA:6,1
DA:7,1
DA:8,1
DA:9,1
DA:10,1
DA:11,1
DA:12,1
DA:20,1
DA:23,1
DA:26,1
DA:28,17
DA:32,17
DA:36,17
DA:39,1
DA:40,2
DA:41,2
DA:44,15
DA:45,14
DA:47,14
DA:48,14
DA:49,13
DA:50,13
DA:51,13
DA:55,1
DA:56,1
DA:63,1
DA:64,1
DA:67,1
DA:69,4
DA:74,1
DA:75,2
DA:77,1
LF:33
LH:33
BRDA:48,1,0,13
BRDA:48,1,1,1
BRF:2
BRH:2
end_of_record
TN:
SF:/Users/safiyya/Documents/Source/circlemapping/app/shared/interfaces/serializable.interface.ts
FNF:0
FNH:0
LF:0
LH:0
BRF:0
BRH:0
end_of_record
TN:
SF:/Users/safiyya/Documents/Source/circlemapping/app/shared/interfaces/traversable.interface.ts
FNF:0
FNH:0
LF:0
LH:0
BRF:0
BRH:0
end_of_record
TN:
SF:/Users/safiyya/Documents/Source/circlemapping/app/shared/model/dataset.data.ts
FN:1,(anonymous_3)
FN:5,DataSet
FNF:2
FNH:2
FNDA:1,(anonymous_3)
FNDA:25,DataSet
DA:1,1
DA:5,25
DA:7,1
DA:8,1
LF:4
LH:4
BRF:0
BRH:0
end_of_record
TN:
SF:/Users/safiyya/Documents/Source/circlemapping/app/shared/model/initiative.data.ts
FN:7,(anonymous_5)
FN:39,Initiative
FN:41,(anonymous_7)
FN:52,(anonymous_8)
FN:65,(anonymous_9)
FN:69,(anonymous_10)
FN:71,(anonymous_11)
FN:78,(anonymous_12)
FNF:8
FNH:8
FNDA:1,(anonymous_5)
FNDA:98,Initiative
FNDA:15,(anonymous_7)
FNDA:11,(anonymous_8)
FNDA:1,(anonymous_9)
FNDA:37,(anonymous_10)
FNDA:26,(anonymous_11)
FNDA:12,(anonymous_12)
DA:1,1
DA:2,1
DA:7,1
DA:16,98
DA:31,98
DA:34,98
DA:37,98
DA:39,1
DA:41,1
DA:42,15
DA:43,15
DA:44,15
DA:45,15
DA:46,15
DA:47,11
DA:50,15
DA:51,15
DA:52,4
DA:53,11
DA:57,11
DA:60,15
DA:61,15
DA:65,1
DA:66,1
DA:69,1
DA:70,37
DA:71,10
DA:72,26
DA:73,26
DA:78,1
DA:79,12
DA:80,4
DA:83,8
DA:88,4
DA:90,4
DA:96,1
LF:36
LH:36
BRDA:46,1,0,11
BRDA:46,1,1,4
BRDA:51,2,0,4
BRDA:51,2,1,11
BRDA:70,3,0,10
BRDA:70,3,1,27
BRDA:79,4,0,4
BRDA:79,4,1,8
BRDA:83,5,0,4
BRDA:83,5,1,4
BRDA:84,6,0,8
BRDA:84,6,1,6
BRDA:84,6,2,6
BRDA:84,6,3,3
BRF:14
BRH:14
end_of_record
TN:
SF:/Users/safiyya/Documents/Source/circlemapping/app/shared/model/person.data.ts
FN:3,(anonymous_3)
FN:7,Person
FN:11,(anonymous_5)
FN:21,(anonymous_6)
FNF:4
FNH:4
FNDA:1,(anonymous_3)
FNDA:21,Person
FNDA:17,(anonymous_5)
FNDA:5,(anonymous_6)
DA:3,1
DA:7,1
DA:8,21
DA:11,1
DA:12,17
DA:13,10
DA:14,10
DA:17,7
DA:21,1
DA:22,5
DA:23,5
DA:24,4
DA:25,2
DA:28,2
DA:32,1
DA:35,1
LF:16
LH:16
BRDA:12,1,0,10
BRDA:12,1,1,7
BRDA:24,2,0,2
BRDA:24,2,1,2
BRF:4
BRH:4
end_of_record
TN:
SF:/Users/safiyya/Documents/Source/circlemapping/app/shared/model/team.data.ts
FN:3,(anonymous_3)
FN:4,Team
FNF:2
FNH:2
FNDA:1,(anonymous_3)
FNDA:15,Team
DA:3,1
DA:4,15
DA:5,1
LF:3
LH:3
BRF:0
BRH:0
end_of_record
TN:
SF:/Users/safiyya/Documents/Source/circlemapping/app/shared/model/user.data.ts
FN:3,(anonymous_3)
FN:9,AuthenticatedUser
FN:14,(anonymous_5)
FN:18,(anonymous_6)
FN:27,(anonymous_7)
FNF:5
FNH:5
FNDA:1,(anonymous_3)
FNDA:31,AuthenticatedUser
FNDA:11,(anonymous_5)
FNDA:15,(anonymous_6)
FNDA:14,(anonymous_7)
DA:3,1
DA:9,1
DA:10,31
DA:14,1
DA:15,11
DA:18,1
DA:19,15
DA:20,13
DA:21,13
DA:22,13
DA:23,13
DA:24,13
DA:27,1
DA:28,14
DA:29,14
DA:30,13
DA:31,12
DA:34,1
DA:38,1
DA:41,1
LF:20
LH:20
BRDA:19,1,0,2
BRDA:19,1,1,13
BRDA:19,2,0,15
BRDA:19,2,1,2
BRDA:19,2,2,2
BRDA:30,3,0,12
BRDA:30,3,1,1
BRF:7
BRH:7
end_of_record
TN:
SF:/Users/safiyya/Documents/Source/circlemapping/app/shared/model/view.enum.ts
FNF:0
FNH:0
LF:0
LH:0
BRF:0
BRH:0
end_of_record
TN:
SF:/Users/safiyya/Documents/Source/circlemapping/app/shared/directives/anchor.directive.ts
FN:5,(anonymous_5)
FN:6,AnchorDirective
FN:11,(anonymous_7)
FNF:3
FNH:2
FNDA:1,(anonymous_5)
FNDA:2,AnchorDirective
FNDA:0,(anonymous_7)
DA:1,1
DA:5,1
DA:6,1
DA:7,2
DA:8,2
DA:11,1
DA:12,0
DA:13,0
DA:15,1
LF:9
LH:7
BRF:0
BRH:0
end_of_record
TN:
SF:/Users/safiyya/Documents/Source/circlemapping/app/shared/directives/autoselect.directive.ts
FN:7,(anonymous_5)
FN:9,AutoSelectDirective
FN:11,(anonymous_7)
FNF:3
FNH:3
FNDA:1,(anonymous_5)
FNDA:5,AutoSelectDirective
FNDA:1,(anonymous_7)
DA:1,1
DA:7,1
DA:9,5
DA:11,2
DA:12,1
DA:14,1
LF:6
LH:6
BRF:0
BRH:0
end_of_record
TN:
SF:/Users/safiyya/Documents/Source/circlemapping/app/shared/directives/focusif.directive.ts
FN:7,(anonymous_7)
FN:10,FocusIfDirective
FN:11,(anonymous_9)
FN:15,(anonymous_10)
FN:19,(anonymous_11)
FN:28,(anonymous_12)
FNF:6
FNH:6
FNDA:1,(anonymous_7)
FNDA:25,FocusIfDirective
FNDA:27,(anonymous_9)
FNDA:25,(anonymous_10)
FNDA:52,(anonymous_11)
FNDA:52,(anonymous_12)
DA:1,1
DA:7,1
DA:8,1
DA:10,25
DA:11,1
DA:13,27
DA:15,1
DA:16,25
DA:19,1
DA:20,52
DA:21,1
DA:23,51
DA:28,1
DA:29,52
DA:32,1
LF:15
LH:15
BRDA:20,1,0,1
BRDA:20,1,1,51
BRDA:29,2,0,52
BRDA:29,2,1,51
BRF:4
BRH:4
end_of_record
TN:
SF:/Users/safiyya/Documents/Source/circlemapping/app/components/initiative/initiative.component.ts
FN:19,(anonymous_5)
FN:32,InitiativeComponent
FN:69,(anonymous_7)
FN:73,(anonymous_8)
FN:77,(anonymous_9)
FN:86,(anonymous_10)
FN:35,(anonymous_11)
FN:39,(anonymous_12)
FN:43,(anonymous_13)
FN:47,(anonymous_14)
FN:59,(anonymous_15)
FN:88,(anonymous_16)
FNF:12
FNH:9
FNDA:1,(anonymous_5)
FNDA:30,InitiativeComponent
FNDA:13,(anonymous_7)
FNDA:0,(anonymous_8)
FNDA:0,(anonymous_9)
FNDA:13,(anonymous_10)
FNDA:2,(anonymous_11)
FNDA:1,(anonymous_12)
FNDA:1,(anonymous_13)
FNDA:2,(anonymous_14)
FNDA:2,(anonymous_15)
FNDA:0,(anonymous_16)
DA:1,1
DA:2,1
DA:3,1
DA:4,1
DA:5,1
DA:7,1
DA:8,1
DA:9,1
DA:19,1
DA:22,1
DA:24,1
DA:25,1
DA:27,30
DA:28,30
DA:32,31
DA:35,1
DA:36,2
DA:39,1
DA:40,1
DA:43,1
DA:44,1
DA:47,1
DA:48,2
DA:49,2
DA:50,2
DA:51,2
DA:54,2
DA:55,1
DA:59,1
DA:60,2
DA:61,2
DA:62,1
DA:68,30
DA:70,13
DA:74,0
DA:75,0
DA:76,0
DA:77,0
DA:78,0
DA:79,0
DA:82,0
DA:86,30
DA:88,1
DA:89,0
DA:90,0
DA:91,0
DA:92,0
DA:93,0
DA:97,0
DA:101,1
LF:50
LH:37
BRDA:77,1,0,0
BRDA:77,1,1,0
BRDA:78,2,0,0
BRDA:78,2,1,0
BRDA:78,3,0,0
BRDA:78,3,1,0
BRDA:54,4,0,1
BRDA:54,4,1,1
BRDA:61,5,0,1
BRDA:61,5,1,1
BRF:10
BRH:4
end_of_record
TN:
SF:/Users/safiyya/Documents/Source/circlemapping/app/components/help/help.component.ts
FN:8,(anonymous_5)
FN:13,HelpComponent
FN:15,(anonymous_7)
FNF:3
FNH:3
FNDA:1,(anonymous_5)
FNDA:19,HelpComponent
FNDA:1,(anonymous_7)
DA:1,1
DA:2,1
DA:8,1
DA:11,1
DA:13,1
DA:15,1
DA:16,1
DA:18,1
LF:8
LH:8
BRF:0
BRH:0
end_of_record
TN:
SF:/Users/safiyya/Documents/Source/circlemapping/app/components/building/building.component.ts
FN:16,(anonymous_5)
FN:30,BuildingComponent
FN:34,(anonymous_7)
FN:38,(anonymous_8)
FN:43,(anonymous_9)
FN:47,(anonymous_10)
FN:53,(anonymous_11)
FN:54,(anonymous_12)
FN:60,(anonymous_13)
FN:61,(anonymous_14)
FN:74,(anonymous_15)
FN:75,(anonymous_16)
FN:76,(anonymous_17)
FN:80,(anonymous_18)
FNF:14
FNH:14
FNDA:1,(anonymous_5)
FNDA:25,BuildingComponent
FNDA:3,(anonymous_7)
FNDA:8,(anonymous_8)
FNDA:1,(anonymous_9)
FNDA:1,(anonymous_10)
FNDA:4,(anonymous_11)
FNDA:3,(anonymous_12)
FNDA:9,(anonymous_13)
FNDA:3,(anonymous_14)
FNDA:3,(anonymous_15)
FNDA:3,(anonymous_16)
FNDA:9,(anonymous_17)
FNDA:12,(anonymous_18)
DA:1,1
DA:2,1
DA:4,1
DA:5,1
DA:6,1
DA:7,1
DA:8,1
DA:16,1
DA:22,1
DA:25,1
DA:28,1
DA:30,25
DA:31,25
DA:34,1
DA:35,3
DA:38,1
DA:39,8
DA:43,1
DA:44,1
DA:47,1
DA:48,1
DA:49,1
DA:53,5
DA:54,4
DA:55,3
DA:56,3
DA:59,3
DA:60,3
DA:61,9
DA:62,3
DA:64,6
DA:68,3
DA:70,3
DA:74,1
DA:75,3
DA:76,9
DA:79,3
DA:81,12
DA:82,12
DA:83,12
DA:86,3
DA:90,1
LF:42
LH:42
BRDA:35,1,0,3
BRDA:35,1,1,2
BRDA:61,2,0,6
BRDA:61,2,1,3
BRDA:61,3,0,9
BRDA:61,3,1,6
BRF:6
BRH:6
end_of_record
TN:
SF:/Users/safiyya/Documents/Source/circlemapping/app/components/building/initiative.node.component.ts
FN:10,(anonymous_5)
FN:6,InitiativeNodeComponent
FN:23,(anonymous_7)
FN:27,(anonymous_8)
FN:31,(anonymous_9)
FN:35,(anonymous_10)
FN:39,(anonymous_11)
FN:44,(anonymous_12)
FN:49,(anonymous_13)
FN:57,(anonymous_14)
FN:66,(anonymous_15)
FN:70,(anonymous_16)
FN:71,(anonymous_17)
FN:73,(anonymous_18)
FNF:14
FNH:13
FNDA:1,(anonymous_5)
FNDA:20,InitiativeNodeComponent
FNDA:224,(anonymous_7)
FNDA:110,(anonymous_8)
FNDA:114,(anonymous_9)
FNDA:1,(anonymous_10)
FNDA:1,(anonymous_11)
FNDA:1,(anonymous_12)
FNDA:1,(anonymous_13)
FNDA:1,(anonymous_14)
FNDA:1,(anonymous_15)
FNDA:1,(anonymous_16)
FNDA:3,(anonymous_17)
FNDA:0,(anonymous_18)
DA:1,1
DA:2,1
DA:3,1
DA:4,1
DA:6,1
DA:10,1
DA:12,1
DA:14,21
DA:15,21
DA:16,21
DA:20,1
DA:23,1
DA:24,224
DA:27,1
DA:28,110
DA:31,1
DA:32,114
DA:35,1
DA:36,1
DA:39,1
DA:40,1
DA:41,1
DA:44,1
DA:45,1
DA:46,1
DA:47,1
DA:48,1
DA:49,1
DA:50,1
DA:51,1
DA:52,1
DA:53,1
DA:57,1
DA:58,1
DA:59,1
DA:60,1
DA:61,1
DA:62,1
DA:66,1
DA:67,1
DA:70,1
DA:71,1
DA:72,3
DA:73,3
DA:75,1
DA:77,1
DA:78,1
DA:81,1
LF:48
LH:48
BRDA:50,1,0,1
BRDA:50,1,1,1
BRF:2
BRH:2
end_of_record
TN:
SF:/Users/safiyya/Documents/Source/circlemapping/app/shared/services/data.service.ts
FN:10,(anonymous_5)
FN:15,DataService
FN:20,(anonymous_7)
FN:24,(anonymous_8)
FN:28,(anonymous_9)
FN:31,(anonymous_10)
FNF:6
FNH:5
FNDA:1,(anonymous_5)
FNDA:27,DataService
FNDA:7,(anonymous_7)
FNDA:0,(anonymous_8)
FNDA:3,(anonymous_9)
FNDA:1,(anonymous_10)
DA:1,1
DA:2,1
DA:4,1
DA:5,1
DA:6,1
DA:7,1
DA:10,1
DA:15,27
DA:16,27
DA:17,27
DA:20,1
DA:21,7
DA:24,1
DA:25,0
DA:28,1
DA:29,3
DA:31,1
DA:34,1
LF:18
LH:17
BRF:0
BRH:0
end_of_record
TN:
SF:/Users/safiyya/Documents/Source/circlemapping/app/shared/services/dataset.service.ts
FN:10,(anonymous_5)
FN:25,DataSetService
FN:31,(anonymous_7)
FN:35,(anonymous_8)
FNF:4
FNH:4
FNDA:1,(anonymous_5)
FNDA:18,DataSetService
FNDA:1,(anonymous_7)
FNDA:1,(anonymous_8)
DA:1,1
DA:2,1
DA:3,1
DA:4,1
DA:5,1
DA:6,1
DA:10,1
DA:19,18
DA:25,18
DA:26,18
DA:27,18
DA:31,2
DA:33,1
DA:35,1
DA:40,1
LF:15
LH:15
BRF:0
BRH:0
end_of_record
TN:
SF:/Users/safiyya/Documents/Source/circlemapping/app/shared/services/error.service.ts
FN:4,(anonymous_3)
FN:6,(anonymous_5)
FNF:2
FNH:1
FNDA:38,(anonymous_3)
FNDA:0,(anonymous_5)
DA:1,1
DA:4,2
DA:6,1
DA:8,0
DA:9,0
DA:10,0
DA:11,0
DA:12,0
DA:14,0
DA:16,0
DA:17,0
DA:19,1
LF:12
LH:4
BRDA:9,1,0,0
BRDA:9,1,1,0
BRDA:10,2,0,0
BRDA:10,2,1,0
BRDA:11,3,0,0
BRDA:11,3,1,0
BRDA:12,4,0,0
BRDA:12,4,1,0
BRDA:14,5,0,0
BRDA:14,5,1,0
BRF:10
BRH:0
end_of_record
TN:
SF:/Users/safiyya/Documents/Source/circlemapping/app/shared/services/auth.service.ts
FN:12,(anonymous_5)
FN:17,Auth
FN:20,(anonymous_7)
FN:22,(anonymous_8)
FN:34,(anonymous_9)
FN:38,(anonymous_10)
FN:42,(anonymous_11)
FN:48,(anonymous_12)
FN:52,(anonymous_13)
FNF:9
FNH:5
FNDA:1,(anonymous_5)
FNDA:3,Auth
FNDA:0,(anonymous_7)
FNDA:0,(anonymous_8)
FNDA:1,(anonymous_9)
FNDA:0,(anonymous_10)
FNDA:2,(anonymous_11)
FNDA:1,(anonymous_12)
FNDA:0,(anonymous_13)
DA:1,1
DA:2,1
DA:5,1
DA:6,1
DA:7,1
DA:12,1
DA:14,3
DA:17,4
DA:18,3
DA:19,3
DA:20,3
DA:21,0
DA:22,0
DA:23,0
DA:24,0
DA:25,0
DA:28,0
DA:29,0
DA:34,1
DA:35,1
DA:38,1
DA:39,0
DA:42,1
DA:43,2
DA:44,2
DA:45,2
DA:48,1
DA:49,1
DA:52,1
DA:53,0
DA:56,1
LF:31
LH:22
BRDA:23,1,0,0
BRDA:23,1,1,0
BRF:2
BRH:0
end_of_record
TN:
SF:/Users/safiyya/Documents/Source/circlemapping/test/specs/model/dataset.data.spec.ts
FN:4,(anonymous_3)
FN:10,(anonymous_4)
FN:13,(anonymous_5)
FN:21,(anonymous_6)
FNF:4
FNH:4
FNDA:1,(anonymous_3)
FNDA:2,(anonymous_4)
FNDA:1,(anonymous_5)
FNDA:1,(anonymous_6)
DA:2,1
DA:4,1
DA:5,1
DA:7,1
DA:8,1
DA:10,1
DA:13,1
DA:14,1
DA:16,1
DA:17,1
DA:18,1
DA:21,1
DA:22,1
DA:24,1
DA:25,1
DA:26,1
LF:16
LH:16
BRF:0
BRH:0
end_of_record
TN:
SF:/Users/safiyya/Documents/Source/circlemapping/test/specs/model/initiative.data.spec.ts
FN:4,(anonymous_3)
FN:10,(anonymous_4)
FN:23,(anonymous_5)
FN:28,(anonymous_6)
FN:30,(anonymous_7)
FN:31,(anonymous_8)
FN:56,(anonymous_9)
FN:57,(anonymous_10)
FN:58,(anonymous_11)
FN:66,(anonymous_12)
FN:67,(anonymous_13)
FN:73,(anonymous_14)
FN:88,(anonymous_15)
FN:91,(anonymous_16)
FNF:14
FNH:13
FNDA:1,(anonymous_3)
FNDA:5,(anonymous_4)
FNDA:1,(anonymous_5)
FNDA:1,(anonymous_6)
FNDA:1,(anonymous_7)
FNDA:1,(anonymous_8)
FNDA:1,(anonymous_9)
FNDA:1,(anonymous_10)
FNDA:1,(anonymous_11)
FNDA:1,(anonymous_12)
FNDA:1,(anonymous_13)
FNDA:8,(anonymous_14)
FNDA:1,(anonymous_15)
FNDA:0,(anonymous_16)
DA:2,1
DA:4,1
DA:6,1
DA:7,1
DA:10,1
DA:13,5
DA:14,5
DA:15,5
DA:16,5
DA:17,5
DA:18,5
DA:19,5
DA:20,5
DA:23,1
DA:24,1
DA:25,1
DA:28,1
DA:30,1
DA:31,1
DA:32,1
DA:33,1
DA:34,1
DA:36,1
DA:37,1
DA:38,1
DA:39,1
DA:40,1
DA:42,1
DA:43,1
DA:44,1
DA:45,1
DA:46,1
DA:48,1
DA:49,1
DA:50,1
DA:51,1
DA:52,1
DA:56,1
DA:57,1
DA:58,1
DA:59,1
DA:66,1
DA:67,1
DA:68,1
DA:69,1
DA:70,1
DA:72,1
DA:73,8
DA:75,1
DA:77,1
DA:78,1
DA:79,1
DA:80,1
DA:81,1
DA:82,1
DA:83,1
DA:84,1
DA:88,1
DA:89,1
DA:90,1
DA:91,1
DA:92,1
LF:62
LH:62
BRF:0
BRH:0
end_of_record
TN:
SF:/Users/safiyya/Documents/Source/circlemapping/test/specs/model/person.data.spec.ts
FN:4,(anonymous_3)
FN:9,(anonymous_4)
FN:12,(anonymous_5)
FN:14,(anonymous_6)
FN:15,(anonymous_7)
FN:22,(anonymous_8)
FN:29,(anonymous_9)
FN:30,(anonymous_10)
FN:39,(anonymous_11)
FN:47,(anonymous_12)
FNF:10
FNH:10
FNDA:1,(anonymous_3)
FNDA:5,(anonymous_4)
FNDA:1,(anonymous_5)
FNDA:1,(anonymous_6)
FNDA:1,(anonymous_7)
FNDA:1,(anonymous_8)
FNDA:1,(anonymous_9)
FNDA:1,(anonymous_10)
FNDA:1,(anonymous_11)
FNDA:1,(anonymous_12)
DA:2,1
DA:4,1
DA:5,1
DA:7,1
DA:9,1
DA:12,1
DA:14,1
DA:15,1
DA:16,1
DA:17,1
DA:18,1
DA:19,1
DA:22,1
DA:23,1
DA:24,1
DA:25,1
DA:29,1
DA:30,1
DA:31,1
DA:32,1
DA:33,1
DA:34,1
DA:35,1
DA:36,1
DA:39,1
DA:40,1
DA:41,1
DA:42,1
DA:43,1
DA:44,1
DA:47,1
DA:48,1
DA:49,1
DA:50,1
DA:51,1
DA:52,1
DA:53,1
DA:54,1
LF:38
LH:38
BRF:0
BRH:0
end_of_record
TN:
SF:/Users/safiyya/Documents/Source/circlemapping/test/specs/model/team.data.spec.ts
FN:5,(anonymous_3)
FN:8,(anonymous_4)
FN:11,(anonymous_5)
FN:16,(anonymous_6)
FNF:4
FNH:4
FNDA:1,(anonymous_3)
FNDA:2,(anonymous_4)
FNDA:1,(anonymous_5)
FNDA:1,(anonymous_6)
DA:2,1
DA:3,1
DA:5,1
DA:6,1
DA:8,1
DA:11,1
DA:12,1
DA:13,1
DA:16,1
DA:17,1
DA:18,1
DA:19,1
DA:20,1
DA:21,1
DA:22,1
DA:24,1
DA:26,1
LF:17
LH:17
BRF:0
BRH:0
end_of_record
TN:
SF:/Users/safiyya/Documents/Source/circlemapping/test/specs/model/user.data.spec.ts
FN:4,(anonymous_3)
FN:8,(anonymous_4)
FN:11,(anonymous_5)
FN:13,(anonymous_6)
FN:14,(anonymous_7)
FN:23,(anonymous_8)
FN:30,(anonymous_9)
FN:31,(anonymous_10)
FN:42,(anonymous_11)
FN:50,(anonymous_12)
FNF:10
FNH:10
FNDA:1,(anonymous_3)
FNDA:5,(anonymous_4)
FNDA:1,(anonymous_5)
FNDA:1,(anonymous_6)
FNDA:1,(anonymous_7)
FNDA:1,(anonymous_8)
FNDA:1,(anonymous_9)
FNDA:1,(anonymous_10)
FNDA:1,(anonymous_11)
FNDA:1,(anonymous_12)
DA:2,1
DA:4,1
DA:5,1
DA:8,1
DA:11,1
DA:13,1
DA:14,1
DA:15,1
DA:16,1
DA:17,1
DA:18,1
DA:19,1
DA:20,1
DA:23,1
DA:24,1
DA:25,1
DA:26,1
DA:30,1
DA:31,1
DA:32,1
DA:33,1
DA:34,1
DA:35,1
DA:36,1
DA:37,1
DA:38,1
DA:39,1
DA:42,1
DA:43,1
DA:44,1
DA:45,1
DA:46,1
DA:47,1
DA:50,1
DA:51,1
DA:52,1
DA:53,1
DA:54,1
DA:55,1
DA:56,1
DA:57,1
LF:41
LH:41
BRF:0
BRH:0
end_of_record
TN:
SF:/Users/safiyya/Documents/Source/circlemapping/test/specs/directives/anchor.directive.spec.ts
FN:11,(anonymous_5)
FN:12,TestComponent
FN:28,(anonymous_7)
FN:34,(anonymous_8)
FN:41,(anonymous_9)
FN:52,(anonymous_10)
FN:57,(anonymous_11)
FNF:7
FNH:7
FNDA:1,(anonymous_5)
FNDA:2,TestComponent
FNDA:1,(anonymous_7)
FNDA:2,(anonymous_8)
FNDA:2,(anonymous_9)
FNDA:1,(anonymous_10)
FNDA:1,(anonymous_11)
DA:1,1
DA:2,1
DA:3,1
DA:11,1
DA:12,2
DA:13,1
DA:14,1
DA:17,1
DA:24,1
DA:25,1
DA:28,1
DA:30,1
DA:31,1
DA:32,1
DA:34,1
DA:35,2
DA:41,1
DA:43,2
DA:45,2
DA:47,2
DA:48,2
DA:52,1
DA:53,1
DA:57,1
DA:58,1
LF:25
LH:25
BRF:0
BRH:0
end_of_record
TN:
SF:/Users/safiyya/Documents/Source/circlemapping/test/specs/directives/autoselect.directive.spec.ts
FN:10,(anonymous_4)
FN:10,TestComponent
FN:22,(anonymous_6)
FN:28,(anonymous_7)
FN:40,(anonymous_8)
FN:44,(anonymous_9)
FN:48,(anonymous_10)
FN:52,(anonymous_11)
FN:60,(anonymous_12)
FNF:9
FNH:9
FNDA:1,(anonymous_4)
FNDA:5,TestComponent
FNDA:1,(anonymous_6)
FNDA:5,(anonymous_7)
FNDA:1,(anonymous_8)
FNDA:1,(anonymous_9)
FNDA:1,(anonymous_10)
FNDA:1,(anonymous_11)
FNDA:1,(anonymous_12)
DA:1,1
DA:10,2
DA:16,1
DA:17,1
DA:19,1
DA:20,1
DA:22,1
DA:24,1
DA:25,1
DA:26,1
DA:28,1
DA:29,5
DA:34,5
DA:36,5
DA:37,5
DA:40,1
DA:41,1
DA:44,1
DA:45,1
DA:48,1
DA:49,1
DA:52,1
DA:53,1
DA:54,1
DA:55,1
DA:56,1
DA:57,1
DA:60,1
DA:61,1
DA:62,1
DA:63,1
DA:64,1
DA:65,1
LF:33
LH:33
BRF:0
BRH:0
end_of_record
TN:
SF:/Users/safiyya/Documents/Source/circlemapping/test/specs/directives/focusif.directive.spec.ts
FN:9,(anonymous_4)
FN:9,TestComponent
FN:21,(anonymous_6)
FN:27,(anonymous_7)
FN:40,(anonymous_8)
FN:44,(anonymous_9)
FN:49,(anonymous_10)
FN:65,(anonymous_11)
FN:82,(anonymous_12)
FNF:9
FNH:9
FNDA:1,(anonymous_4)
FNDA:5,TestComponent
FNDA:1,(anonymous_6)
FNDA:5,(anonymous_7)
FNDA:1,(anonymous_8)
FNDA:1,(anonymous_9)
FNDA:1,(anonymous_10)
FNDA:1,(anonymous_11)
FNDA:1,(anonymous_12)
DA:1,1
DA:9,2
DA:15,1
DA:16,1
DA:18,1
DA:21,1
DA:23,1
DA:24,1
DA:25,1
DA:27,1
DA:28,5
DA:33,5
DA:35,5
DA:36,5
DA:40,1
DA:41,1
DA:44,1
DA:45,1
DA:49,1
DA:51,1
DA:54,1
DA:55,1
DA:58,1
DA:59,1
DA:60,1
DA:62,1
DA:65,1
DA:68,1
DA:71,1
DA:72,1
DA:75,1
DA:76,1
DA:77,1
DA:79,1
DA:82,1
DA:85,1
DA:88,1
DA:89,1
DA:92,1
DA:93,1
DA:94,1
DA:96,1
LF:42
LH:42
BRF:0
BRH:0
end_of_record
TN:
SF:/Users/safiyya/Documents/Source/circlemapping/test/specs/components/app/app.component.spec.ts
FN:24,(anonymous_3)
FN:27,(anonymous_5)
FN:31,(anonymous_6)
FN:35,(anonymous_7)
FN:39,(anonymous_8)
FN:44,(anonymous_9)
FN:55,(anonymous_10)
FN:66,(anonymous_11)
FN:78,(anonymous_12)
FN:91,(anonymous_13)
FN:93,(anonymous_14)
FN:94,(anonymous_15)
FN:104,(anonymous_16)
FN:112,(anonymous_17)
FN:113,(anonymous_18)
FN:125,(anonymous_19)
FN:135,(anonymous_20)
FN:148,(anonymous_21)
FN:158,(anonymous_22)
FN:168,(anonymous_23)
FN:169,(anonymous_24)
FN:177,(anonymous_25)
FN:178,(anonymous_26)
FN:185,(anonymous_27)
FN:193,(anonymous_28)
FN:195,(anonymous_29)
FN:221,(anonymous_30)
FN:222,(anonymous_31)
FN:227,(anonymous_32)
FN:237,(anonymous_33)
FN:238,(anonymous_34)
FN:255,(anonymous_35)
FN:272,(anonymous_36)
FN:285,(anonymous_37)
FN:301,(anonymous_38)
FN:302,(anonymous_39)
FN:306,(anonymous_40)
FN:312,(anonymous_41)
FN:321,(anonymous_42)
FNF:39
FNH:36
FNDA:18,(anonymous_3)
FNDA:14,(anonymous_5)
FNDA:0,(anonymous_6)
FNDA:0,(anonymous_7)
FNDA:0,(anonymous_8)
FNDA:1,(anonymous_9)
FNDA:17,(anonymous_10)
FNDA:17,(anonymous_11)
FNDA:17,(anonymous_12)
FNDA:1,(anonymous_13)
FNDA:1,(anonymous_14)
FNDA:1,(anonymous_15)
FNDA:1,(anonymous_16)
FNDA:1,(anonymous_17)
FNDA:1,(anonymous_18)
FNDA:1,(anonymous_19)
FNDA:1,(anonymous_20)
FNDA:1,(anonymous_21)
FNDA:1,(anonymous_22)
FNDA:1,(anonymous_23)
FNDA:1,(anonymous_24)
FNDA:1,(anonymous_25)
FNDA:1,(anonymous_26)
FNDA:1,(anonymous_27)
FNDA:1,(anonymous_28)
FNDA:1,(anonymous_29)
FNDA:1,(anonymous_30)
FNDA:1,(anonymous_31)
FNDA:1,(anonymous_32)
FNDA:1,(anonymous_33)
FNDA:1,(anonymous_34)
FNDA:1,(anonymous_35)
FNDA:1,(anonymous_36)
FNDA:1,(anonymous_37)
FNDA:1,(anonymous_38)
FNDA:1,(anonymous_39)
FNDA:1,(anonymous_40)
FNDA:1,(anonymous_41)
FNDA:1,(anonymous_42)
DA:1,1
DA:2,1
DA:4,1
DA:6,1
DA:7,1
DA:8,1
DA:9,1
DA:10,1
DA:11,1
DA:12,1
DA:13,1
DA:14,1
DA:16,1
DA:17,1
DA:18,1
DA:21,1
DA:22,1
DA:24,2
DA:25,17
DA:27,1
DA:28,14
DA:31,1
DA:32,0
DA:35,1
DA:36,0
DA:39,1
DA:40,0
DA:42,1
DA:44,1
DA:46,1
DA:47,1
DA:48,1
DA:49,1
DA:50,1
DA:51,1
DA:52,1
DA:53,1
DA:55,1
DA:56,17
DA:67,17
DA:78,1
DA:79,17
DA:81,17
DA:83,17
DA:84,17
DA:86,17
DA:91,1
DA:93,1
DA:94,1
DA:95,1
DA:96,1
DA:97,1
DA:98,1
DA:100,1
DA:101,1
DA:104,1
DA:105,1
DA:106,1
DA:107,1
DA:108,1
DA:112,1
DA:113,1
DA:115,1
DA:116,1
DA:117,1
DA:119,1
DA:120,1
DA:122,1
DA:124,1
DA:125,1
DA:127,1
DA:128,1
DA:130,1
DA:131,1
DA:132,1
DA:135,1
DA:136,1
DA:137,1
DA:138,1
DA:139,1
DA:140,1
DA:141,1
DA:148,1
DA:149,1
DA:150,1
DA:151,1
DA:153,1
DA:155,1
DA:157,1
DA:158,1
DA:160,1
DA:161,1
DA:163,1
DA:168,1
DA:169,1
DA:170,1
DA:171,1
DA:172,1
DA:173,1
DA:177,1
DA:178,1
DA:179,1
DA:180,1
DA:181,1
DA:182,1
DA:185,1
DA:186,1
DA:187,1
DA:188,1
DA:189,1
DA:193,1
DA:195,1
DA:196,1
DA:198,1
DA:199,1
DA:200,1
DA:202,1
DA:203,1
DA:205,1
DA:206,1
DA:208,1
DA:209,1
DA:211,1
DA:212,1
DA:214,1
DA:215,1
DA:217,1
DA:221,1
DA:222,1
DA:223,1
DA:224,1
DA:225,1
DA:226,1
DA:227,1
DA:228,1
DA:229,1
DA:230,1
DA:231,1
DA:237,1
DA:238,1
DA:240,1
DA:242,1
DA:244,1
DA:245,1
DA:246,1
DA:247,1
DA:248,1
DA:249,1
DA:250,1
DA:251,1
DA:252,1
DA:255,1
DA:256,1
DA:258,1
DA:260,1
DA:261,1
DA:263,1
DA:264,1
DA:266,1
DA:267,1
DA:268,1
DA:269,1
DA:272,1
DA:273,1
DA:274,1
DA:276,1
DA:277,1
DA:278,1
DA:279,1
DA:281,1
DA:282,1
DA:285,1
DA:286,1
DA:287,1
DA:289,1
DA:290,1
DA:291,1
DA:292,1
DA:294,1
DA:295,1
DA:301,1
DA:302,1
DA:303,1
DA:306,1
DA:307,1
DA:308,1
DA:309,1
DA:312,1
DA:313,1
DA:314,1
DA:315,1
DA:316,1
DA:317,1
DA:321,1
DA:322,1
DA:323,1
DA:324,1
DA:325,1
DA:326,1
DA:327,1
LF:200
LH:197
BRF:0
BRH:0
end_of_record
TN:
SF:/Users/safiyya/Documents/Source/circlemapping/test/specs/components/building/building.component.spec.ts
FN:18,(anonymous_3)
FN:24,(anonymous_4)
FN:30,(anonymous_5)
FN:44,(anonymous_6)
FN:51,(anonymous_7)
FN:53,(anonymous_8)
FN:54,(anonymous_9)
FN:62,(anonymous_10)
FN:68,(anonymous_11)
FN:77,(anonymous_12)
FN:79,(anonymous_13)
FN:92,(anonymous_14)
FN:94,(anonymous_15)
FN:110,(anonymous_16)
FN:111,(anonymous_17)
FN:127,(anonymous_18)
FN:128,(anonymous_19)
FN:147,(anonymous_20)
FN:149,(anonymous_21)
FN:150,(anonymous_22)
FN:159,(anonymous_23)
FN:160,(anonymous_24)
FN:167,(anonymous_25)
FN:173,(anonymous_26)
FN:180,(anonymous_27)
FN:183,(anonymous_28)
FN:184,(anonymous_29)
FN:188,(anonymous_30)
FN:197,(anonymous_31)
FN:205,(anonymous_32)
FN:206,(anonymous_33)
FN:218,(anonymous_34)
FN:220,(anonymous_35)
FN:236,(anonymous_36)
FN:252,(anonymous_37)
FN:270,(anonymous_38)
FN:271,(anonymous_39)
FN:272,(anonymous_40)
FN:279,(anonymous_41)
FN:280,(anonymous_42)
FN:286,(anonymous_43)
FN:293,(anonymous_44)
FNF:42
FNH:40
FNDA:1,(anonymous_3)
FNDA:17,(anonymous_4)
FNDA:17,(anonymous_5)
FNDA:17,(anonymous_6)
FNDA:1,(anonymous_7)
FNDA:1,(anonymous_8)
FNDA:1,(anonymous_9)
FNDA:1,(anonymous_10)
FNDA:1,(anonymous_11)
FNDA:1,(anonymous_12)
FNDA:1,(anonymous_13)
FNDA:1,(anonymous_14)
FNDA:1,(anonymous_15)
FNDA:1,(anonymous_16)
FNDA:0,(anonymous_17)
FNDA:1,(anonymous_18)
FNDA:0,(anonymous_19)
FNDA:1,(anonymous_20)
FNDA:1,(anonymous_21)
FNDA:1,(anonymous_22)
FNDA:1,(anonymous_23)
FNDA:1,(anonymous_24)
FNDA:1,(anonymous_25)
FNDA:1,(anonymous_26)
FNDA:1,(anonymous_27)
FNDA:1,(anonymous_28)
FNDA:2,(anonymous_29)
FNDA:1,(anonymous_30)
FNDA:1,(anonymous_31)
FNDA:1,(anonymous_32)
FNDA:1,(anonymous_33)
FNDA:1,(anonymous_34)
FNDA:1,(anonymous_35)
FNDA:1,(anonymous_36)
FNDA:1,(anonymous_37)
FNDA:1,(anonymous_38)
FNDA:1,(anonymous_39)
FNDA:1,(anonymous_40)
FNDA:1,(anonymous_41)
FNDA:1,(anonymous_42)
FNDA:1,(anonymous_43)
FNDA:1,(anonymous_44)
DA:1,1
DA:2,1
DA:3,1
DA:4,1
DA:6,1
DA:7,1
DA:8,1
DA:9,1
DA:10,1
DA:11,1
DA:13,1
DA:14,1
DA:15,1
DA:18,1
DA:20,1
DA:21,1
DA:22,1
DA:24,1
DA:25,17
DA:31,17
DA:44,1
DA:45,17
DA:46,17
DA:48,17
DA:51,1
DA:53,1
DA:54,1
DA:55,1
DA:56,1
DA:57,1
DA:58,1
DA:59,1
DA:62,1
DA:63,1
DA:64,1
DA:65,1
DA:68,1
DA:69,1
DA:70,1
DA:71,1
DA:72,1
DA:73,1
DA:77,1
DA:79,1
DA:80,1
DA:81,1
DA:82,1
DA:84,1
DA:85,1
DA:86,1
DA:87,1
DA:88,1
DA:92,1
DA:94,1
DA:95,1
DA:96,1
DA:97,1
DA:98,1
DA:100,1
DA:102,1
DA:103,1
DA:105,1
DA:110,1
DA:111,1
DA:112,0
DA:113,0
DA:114,0
DA:115,0
DA:116,0
DA:118,0
DA:120,0
DA:121,0
DA:123,0
DA:127,1
DA:128,1
DA:129,0
DA:130,0
DA:131,0
DA:132,0
DA:134,0
DA:136,0
DA:137,0
DA:139,0
DA:147,1
DA:149,1
DA:150,1
DA:151,1
DA:152,1
DA:153,1
DA:154,1
DA:155,1
DA:159,1
DA:160,1
DA:161,1
DA:163,1
DA:164,1
DA:166,1
DA:167,1
DA:168,1
DA:169,1
DA:173,1
DA:174,1
DA:176,1
DA:177,1
DA:179,1
DA:180,1
DA:181,1
DA:182,1
DA:183,1
DA:184,2
DA:188,1
DA:190,1
DA:192,1
DA:193,1
DA:194,1
DA:196,1
DA:197,1
DA:198,1
DA:199,1
DA:205,1
DA:206,1
DA:207,1
DA:208,1
DA:210,1
DA:211,1
DA:212,1
DA:213,1
DA:218,1
DA:220,1
DA:221,1
DA:222,1
DA:223,1
DA:224,1
DA:225,1
DA:226,1
DA:228,1
DA:229,1
DA:230,1
DA:231,1
DA:232,1
DA:233,1
DA:236,1
DA:237,1
DA:238,1
DA:239,1
DA:240,1
DA:241,1
DA:242,1
DA:244,1
DA:245,1
DA:246,1
DA:247,1
DA:248,1
DA:249,1
DA:252,1
DA:253,1
DA:254,1
DA:255,1
DA:256,1
DA:257,1
DA:258,1
DA:259,1
DA:261,1
DA:262,1
DA:263,1
DA:264,1
DA:265,1
DA:266,1
DA:270,1
DA:271,1
DA:272,1
DA:273,1
DA:274,1
DA:275,1
DA:279,1
DA:280,1
DA:281,1
DA:282,1
DA:283,1
DA:286,1
DA:287,1
DA:288,1
DA:289,1
DA:290,1
DA:293,1
DA:294,1
DA:295,1
DA:296,1
DA:297,1
LF:189
LH:172
BRF:0
BRH:0
end_of_record
TN:
SF:/Users/safiyya/Documents/Source/circlemapping/test/specs/components/building/initiative.node.component.spec.ts
FN:13,(anonymous_3)
FN:21,(anonymous_4)
FN:30,(anonymous_5)
FN:46,(anonymous_6)
FN:47,(anonymous_7)
FN:62,(anonymous_8)
FN:76,(anonymous_9)
FN:77,(anonymous_10)
FN:88,(anonymous_11)
FN:99,(anonymous_12)
FN:112,(anonymous_13)
FN:113,(anonymous_14)
FN:127,(anonymous_15)
FN:128,(anonymous_16)
FN:140,(anonymous_17)
FN:141,(anonymous_18)
FN:152,(anonymous_19)
FN:153,(anonymous_20)
FN:164,(anonymous_21)
FN:165,(anonymous_22)
FN:177,(anonymous_23)
FN:179,(anonymous_24)
FN:181,(anonymous_25)
FN:182,(anonymous_26)
FN:187,(anonymous_27)
FN:193,(anonymous_28)
FN:194,(anonymous_29)
FN:199,(anonymous_30)
FN:205,(anonymous_31)
FN:206,(anonymous_32)
FN:221,(anonymous_33)
FN:222,(anonymous_34)
FN:236,(anonymous_35)
FN:237,(anonymous_36)
FN:251,(anonymous_37)
FN:252,(anonymous_38)
FN:261,(anonymous_39)
FN:262,(anonymous_40)
FN:277,(anonymous_41)
FN:278,(anonymous_42)
FNF:40
FNH:40
FNDA:1,(anonymous_3)
FNDA:20,(anonymous_4)
FNDA:20,(anonymous_5)
FNDA:1,(anonymous_6)
FNDA:1,(anonymous_7)
FNDA:1,(anonymous_8)
FNDA:1,(anonymous_9)
FNDA:1,(anonymous_10)
FNDA:1,(anonymous_11)
FNDA:1,(anonymous_12)
FNDA:1,(anonymous_13)
FNDA:1,(anonymous_14)
FNDA:1,(anonymous_15)
FNDA:1,(anonymous_16)
FNDA:1,(anonymous_17)
FNDA:1,(anonymous_18)
FNDA:1,(anonymous_19)
FNDA:1,(anonymous_20)
FNDA:1,(anonymous_21)
FNDA:1,(anonymous_22)
FNDA:1,(anonymous_23)
FNDA:1,(anonymous_24)
FNDA:1,(anonymous_25)
FNDA:1,(anonymous_26)
FNDA:1,(anonymous_27)
FNDA:1,(anonymous_28)
FNDA:1,(anonymous_29)
FNDA:1,(anonymous_30)
FNDA:1,(anonymous_31)
FNDA:1,(anonymous_32)
FNDA:1,(anonymous_33)
FNDA:1,(anonymous_34)
FNDA:1,(anonymous_35)
FNDA:1,(anonymous_36)
FNDA:1,(anonymous_37)
FNDA:1,(anonymous_38)
FNDA:1,(anonymous_39)
FNDA:1,(anonymous_40)
FNDA:1,(anonymous_41)
FNDA:1,(anonymous_42)
DA:1,1
DA:3,1
DA:4,1
DA:7,1
DA:9,1
DA:10,1
DA:11,1
DA:13,1
DA:15,1
DA:16,1
DA:18,1
DA:19,1
DA:21,1
DA:22,20
DA:30,1
DA:31,20
DA:32,20
DA:34,20
DA:35,20
DA:36,20
DA:37,20
DA:39,20
DA:40,20
DA:41,20
DA:43,20
DA:46,1
DA:47,1
DA:48,1
DA:49,1
DA:51,1
DA:52,1
DA:53,1
DA:54,1
DA:55,1
DA:56,1
DA:57,1
DA:59,1
DA:62,1
DA:63,1
DA:64,1
DA:66,1
DA:67,1
DA:68,1
DA:69,1
DA:70,1
DA:71,1
DA:73,1
DA:76,1
DA:77,1
DA:78,1
DA:79,1
DA:80,1
DA:82,1
DA:83,1
DA:84,1
DA:85,1
DA:88,1
DA:89,1
DA:90,1
DA:91,1
DA:93,1
DA:94,1
DA:95,1
DA:96,1
DA:99,1
DA:100,1
DA:101,1
DA:103,1
DA:104,1
DA:105,1
DA:112,1
DA:113,1
DA:114,1
DA:115,1
DA:116,1
DA:118,1
DA:119,1
DA:120,1
DA:122,1
DA:123,1
DA:127,1
DA:128,1
DA:129,1
DA:130,1
DA:132,1
DA:133,1
DA:135,1
DA:140,1
DA:141,1
DA:142,1
DA:143,1
DA:145,1
DA:146,1
DA:148,1
DA:152,1
DA:153,1
DA:154,1
DA:155,1
DA:157,1
DA:158,1
DA:160,1
DA:164,1
DA:165,1
DA:166,1
DA:167,1
DA:169,1
DA:170,1
DA:172,1
DA:177,1
DA:179,1
DA:181,1
DA:182,1
DA:183,1
DA:184,1
DA:187,1
DA:188,1
DA:189,1
DA:193,1
DA:194,1
DA:195,1
DA:196,1
DA:199,1
DA:200,1
DA:201,1
DA:205,1
DA:206,1
DA:207,1
DA:208,1
DA:209,1
DA:210,1
DA:211,1
DA:213,1
DA:214,1
DA:215,1
DA:216,1
DA:217,1
DA:221,1
DA:222,1
DA:223,1
DA:224,1
DA:225,1
DA:227,1
DA:228,1
DA:230,1
DA:231,1
DA:232,1
DA:236,1
DA:237,1
DA:238,1
DA:239,1
DA:240,1
DA:242,1
DA:243,1
DA:245,1
DA:246,1
DA:247,1
DA:251,1
DA:252,1
DA:253,1
DA:254,1
DA:255,1
DA:256,1
DA:257,1
DA:261,1
DA:262,1
DA:263,1
DA:264,1
DA:266,1
DA:268,1
DA:270,1
DA:271,1
DA:272,1
DA:273,1
DA:277,1
DA:278,1
DA:279,1
DA:280,1
DA:281,1
DA:283,1
DA:284,1
DA:285,1
LF:181
LH:181
BRF:0
BRH:0
end_of_record
TN:
SF:/Users/safiyya/Documents/Source/circlemapping/test/specs/components/help/help.component.spec.ts
FN:9,(anonymous_3)
FN:16,(anonymous_4)
FN:25,(anonymous_5)
FN:34,(anonymous_6)
FN:40,(anonymous_7)
FNF:5
FNH:5
FNDA:1,(anonymous_3)
FNDA:2,(anonymous_4)
FNDA:2,(anonymous_5)
FNDA:1,(anonymous_6)
FNDA:1,(anonymous_7)
DA:1,1
DA:3,1
DA:4,1
DA:6,1
DA:7,1
DA:9,1
DA:11,1
DA:12,1
DA:13,1
DA:14,1
DA:16,1
DA:17,2
DA:25,1
DA:26,2
DA:27,2
DA:28,2
DA:29,2
DA:31,2
DA:34,1
DA:35,1
DA:36,1
DA:37,1
DA:40,1
DA:41,1
DA:42,1
DA:43,1
DA:44,1
DA:45,1
LF:28
LH:28
BRF:0
BRH:0
end_of_record
TN:
SF:/Users/safiyya/Documents/Source/circlemapping/test/specs/components/initiative/initiative.component.spec.ts
FN:13,(anonymous_3)
FN:22,(anonymous_4)
FN:31,(anonymous_5)
FN:50,(anonymous_6)
FN:51,(anonymous_7)
FN:58,(anonymous_8)
FN:59,(anonymous_9)
FN:66,(anonymous_10)
FN:67,(anonymous_11)
FN:74,(anonymous_12)
FN:75,(anonymous_13)
FN:88,(anonymous_14)
FN:102,(anonymous_15)
FN:103,(anonymous_16)
FN:110,(anonymous_17)
FN:119,(anonymous_18)
FN:120,(anonymous_19)
FN:126,(anonymous_20)
FN:132,(anonymous_21)
FN:140,(anonymous_22)
FN:150,(anonymous_23)
FN:161,(anonymous_24)
FNF:22
FNH:22
FNDA:1,(anonymous_3)
FNDA:13,(anonymous_4)
FNDA:13,(anonymous_5)
FNDA:1,(anonymous_6)
FNDA:1,(anonymous_7)
FNDA:1,(anonymous_8)
FNDA:1,(anonymous_9)
FNDA:1,(anonymous_10)
FNDA:1,(anonymous_11)
FNDA:1,(anonymous_12)
FNDA:1,(anonymous_13)
FNDA:1,(anonymous_14)
FNDA:1,(anonymous_15)
FNDA:1,(anonymous_16)
FNDA:1,(anonymous_17)
FNDA:1,(anonymous_18)
FNDA:1,(anonymous_19)
FNDA:1,(anonymous_20)
FNDA:1,(anonymous_21)
FNDA:1,(anonymous_22)
FNDA:1,(anonymous_23)
FNDA:1,(anonymous_24)
DA:1,1
DA:3,1
DA:4,1
DA:6,1
DA:8,1
DA:10,1
DA:11,1
DA:13,1
DA:15,1
DA:16,1
DA:17,1
DA:18,1
DA:19,1
DA:20,1
DA:22,1
DA:23,13
DA:31,1
DA:32,13
DA:33,13
DA:34,13
DA:35,13
DA:38,13
DA:43,13
DA:44,13
DA:45,13
DA:47,13
DA:50,1
DA:51,1
DA:52,1
DA:53,1
DA:54,1
DA:55,1
DA:58,1
DA:59,1
DA:60,1
DA:61,1
DA:62,1
DA:66,1
DA:67,1
DA:68,1
DA:69,1
DA:70,1
DA:74,1
DA:75,1
DA:76,1
DA:77,1
DA:78,1
DA:79,1
DA:80,1
DA:81,1
DA:82,1
DA:83,1
DA:84,1
DA:85,1
DA:88,1
DA:89,1
DA:90,1
DA:91,1
DA:92,1
DA:93,1
DA:94,1
DA:95,1
DA:96,1
DA:97,1
DA:98,1
DA:102,1
DA:103,1
DA:104,1
DA:105,1
DA:106,1
DA:107,1
DA:110,1
DA:111,1
DA:112,1
DA:113,1
DA:114,1
DA:119,1
DA:120,1
DA:121,1
DA:122,1
DA:123,1
DA:126,1
DA:127,1
DA:128,1
DA:129,1
DA:132,1
DA:133,1
DA:134,1
DA:135,1
DA:136,1
DA:137,1
DA:140,1
DA:141,1
DA:142,1
DA:143,1
DA:144,1
DA:146,1
DA:147,1
DA:150,1
DA:151,1
DA:152,1
DA:153,1
DA:154,1
DA:155,1
DA:156,1
DA:157,1
DA:158,1
DA:161,1
DA:162,1
DA:163,1
DA:164,1
DA:165,1
DA:166,1
LF:113
LH:113
BRF:0
BRH:0
end_of_record
TN:
SF:/Users/safiyya/Documents/Source/circlemapping/test/specs/services/auth.service.spec.ts
FN:5,(anonymous_3)
FN:7,(anonymous_4)
FN:15,(anonymous_5)
FN:16,(anonymous_6)
FN:23,(anonymous_7)
FN:24,(anonymous_8)
FN:34,(anonymous_9)
FNF:7
FNH:7
FNDA:1,(anonymous_3)
FNDA:3,(anonymous_4)
FNDA:1,(anonymous_5)
FNDA:1,(anonymous_6)
FNDA:1,(anonymous_7)
FNDA:1,(anonymous_8)
FNDA:1,(anonymous_9)
DA:1,1
DA:2,1
DA:5,1
DA:7,1
DA:8,3
DA:15,1
DA:16,1
DA:17,1
DA:18,1
DA:19,1
DA:23,1
DA:24,1
DA:25,1
DA:26,1
DA:27,1
DA:28,1
DA:29,1
DA:30,1
DA:31,1
DA:34,1
DA:35,1
DA:36,1
DA:37,1
LF:23
LH:23
BRF:0
BRH:0
end_of_record
TN:
SF:/Users/safiyya/Documents/Source/circlemapping/test/specs/services/data.service.spec.ts
FN:12,(anonymous_3)
FN:14,(anonymous_4)
FN:24,(anonymous_5)
FN:40,(anonymous_6)
FN:51,(anonymous_7)
FN:62,(anonymous_8)
FN:70,(anonymous_9)
FN:74,(anonymous_10)
FN:78,(anonymous_11)
FNF:9
FNH:9
FNDA:1,(anonymous_3)
FNDA:2,(anonymous_4)
FNDA:2,(anonymous_5)
FNDA:1,(anonymous_6)
FNDA:1,(anonymous_7)
FNDA:1,(anonymous_8)
FNDA:1,(anonymous_9)
FNDA:1,(anonymous_10)
FNDA:1,(anonymous_11)
DA:1,1
DA:2,1
DA:3,1
DA:4,1
DA:5,1
DA:9,1
DA:12,1
DA:14,1
DA:16,2
DA:25,2
DA:35,2
DA:40,1
DA:42,1
DA:44,1
DA:51,1
DA:52,1
DA:53,1
DA:58,0
DA:62,1
DA:63,1
DA:64,1
DA:65,1
DA:66,1
DA:70,1
DA:72,1
DA:74,1
DA:75,1
DA:78,1
DA:79,1
LF:29
LH:28
BRDA:52,1,0,1
BRDA:52,1,1,0
BRF:2
BRH:1
end_of_record
TN:
SF:/Users/safiyya/Documents/Source/circlemapping/test/specs/services/dataset.service.spec.ts
FN:11,(anonymous_3)
FN:13,(anonymous_4)
FN:23,(anonymous_5)
FN:38,(anonymous_6)
FN:40,(anonymous_7)
FN:48,(anonymous_8)
FNF:6
FNH:6
FNDA:1,(anonymous_3)
FNDA:1,(anonymous_4)
FNDA:1,(anonymous_5)
FNDA:1,(anonymous_6)
FNDA:1,(anonymous_7)
FNDA:1,(anonymous_8)
DA:1,1
DA:2,1
DA:3,1
DA:4,1
DA:5,1
DA:6,1
DA:8,1
DA:11,1
DA:13,1
DA:15,1
DA:24,1
DA:34,1
DA:38,1
DA:40,1
DA:42,1
DA:46,1
DA:48,1
DA:49,1
DA:50,1
DA:52,1
LF:20
LH:20
BRF:0
BRH:0
end_of_record
TN:
SF:/Users/safiyya/Documents/Source/circlemapping/test/specs/services/ui.service.spec.ts
FNF:0
FNH:0
LF:0
LH:0
BRF:0
BRH:0
end_of_record
